user num: 50985 item num: 25848
average sequence length: 6.10
loss in epoch 1 iteration 0: 1.3889763355255127
loss in epoch 1 iteration 100: 1.2737617492675781
loss in epoch 1 iteration 200: 1.1977078914642334
loss in epoch 1 iteration 300: 1.2431950569152832
loss in epoch 2 iteration 0: 1.204725980758667
loss in epoch 2 iteration 100: 1.212822675704956
loss in epoch 2 iteration 200: 1.1717393398284912
loss in epoch 2 iteration 300: 1.0979892015457153
loss in epoch 3 iteration 0: 1.1529947519302368
loss in epoch 3 iteration 100: 1.1012978553771973
loss in epoch 3 iteration 200: 1.0626425743103027
loss in epoch 3 iteration 300: 1.075700283050537
loss in epoch 4 iteration 0: 1.0001821517944336
loss in epoch 4 iteration 100: 1.045564889907837
loss in epoch 4 iteration 200: 1.0450927019119263
loss in epoch 4 iteration 300: 1.02994704246521
loss in epoch 5 iteration 0: 1.0226104259490967
loss in epoch 5 iteration 100: 1.041475772857666
loss in epoch 5 iteration 200: 0.9963492751121521
loss in epoch 5 iteration 300: 0.9289097785949707
loss in epoch 6 iteration 0: 0.9041982889175415
loss in epoch 6 iteration 100: 0.9849762320518494
loss in epoch 6 iteration 200: 0.9441533088684082
loss in epoch 6 iteration 300: 0.9487975239753723
loss in epoch 7 iteration 0: 0.9144362807273865
loss in epoch 7 iteration 100: 0.9729416370391846
loss in epoch 7 iteration 200: 0.8702332377433777
loss in epoch 7 iteration 300: 0.9704549908638
loss in epoch 8 iteration 0: 0.9519217014312744
loss in epoch 8 iteration 100: 0.885204553604126
loss in epoch 8 iteration 200: 0.9079006910324097
loss in epoch 8 iteration 300: 0.8804160952568054
loss in epoch 9 iteration 0: 0.8881315588951111
loss in epoch 9 iteration 100: 0.8608395457267761
loss in epoch 9 iteration 200: 0.8633760809898376
loss in epoch 9 iteration 300: 0.9090321063995361
loss in epoch 10 iteration 0: 0.8393691778182983
loss in epoch 10 iteration 100: 0.8067795038223267
loss in epoch 10 iteration 200: 0.7617262601852417
loss in epoch 10 iteration 300: 0.8228514790534973
loss in epoch 11 iteration 0: 0.8345555663108826
loss in epoch 11 iteration 100: 0.813821017742157
loss in epoch 11 iteration 200: 0.8364436030387878
loss in epoch 11 iteration 300: 0.8882781267166138
loss in epoch 12 iteration 0: 0.8114542961120605
loss in epoch 12 iteration 100: 0.7960730791091919
loss in epoch 12 iteration 200: 0.8134517669677734
loss in epoch 12 iteration 300: 0.789408802986145
loss in epoch 13 iteration 0: 0.7829937934875488
loss in epoch 13 iteration 100: 0.7725461721420288
loss in epoch 13 iteration 200: 0.7893295288085938
loss in epoch 13 iteration 300: 0.8163347840309143
loss in epoch 14 iteration 0: 0.8058884143829346
loss in epoch 14 iteration 100: 0.7089180946350098
loss in epoch 14 iteration 200: 0.8399163484573364
loss in epoch 14 iteration 300: 0.7250691056251526
loss in epoch 15 iteration 0: 0.7748304009437561
loss in epoch 15 iteration 100: 0.7426435947418213
loss in epoch 15 iteration 200: 0.7878552675247192
loss in epoch 15 iteration 300: 0.746174693107605
loss in epoch 16 iteration 0: 0.7879403233528137
loss in epoch 16 iteration 100: 0.695925235748291
loss in epoch 16 iteration 200: 0.6734961271286011
loss in epoch 16 iteration 300: 0.7463555932044983
loss in epoch 17 iteration 0: 0.7716801762580872
loss in epoch 17 iteration 100: 0.7196274995803833
loss in epoch 17 iteration 200: 0.7128314971923828
loss in epoch 17 iteration 300: 0.7130756378173828
loss in epoch 18 iteration 0: 0.7024627923965454
loss in epoch 18 iteration 100: 0.7067660093307495
loss in epoch 18 iteration 200: 0.7587980628013611
loss in epoch 18 iteration 300: 0.696629524230957
loss in epoch 19 iteration 0: 0.732345700263977
loss in epoch 19 iteration 100: 0.694756269454956
loss in epoch 19 iteration 200: 0.698267936706543
loss in epoch 19 iteration 300: 0.7177474498748779
loss in epoch 20 iteration 0: 0.7323281764984131
loss in epoch 20 iteration 100: 0.6164255142211914
loss in epoch 20 iteration 200: 0.6674631237983704
loss in epoch 20 iteration 300: 0.7387537956237793
Evaluating........................................................................................................................................................................................................

epoch:20, time: 478.901530(s), valid (NDCG@10: 0.3419, HR@10: 0.5496), test (NDCG@10: 0.1592, HR@10: 0.1592)
(0.3418609262725783, 0.5496) (0.1592, 0.1592)

loss in epoch 21 iteration 0: 0.632844090461731
loss in epoch 21 iteration 100: 0.6633918285369873
loss in epoch 21 iteration 200: 0.6124247312545776
loss in epoch 21 iteration 300: 0.6607011556625366
loss in epoch 22 iteration 0: 0.7477705478668213
loss in epoch 22 iteration 100: 0.6380696892738342
loss in epoch 22 iteration 200: 0.6377806663513184
loss in epoch 22 iteration 300: 0.7400176525115967
loss in epoch 23 iteration 0: 0.7024468183517456
loss in epoch 23 iteration 100: 0.6761208772659302
loss in epoch 23 iteration 200: 0.7052017450332642
loss in epoch 23 iteration 300: 0.6879047155380249
loss in epoch 24 iteration 0: 0.6658375263214111
loss in epoch 24 iteration 100: 0.6133888959884644
loss in epoch 24 iteration 200: 0.626778244972229
loss in epoch 24 iteration 300: 0.6877669095993042
loss in epoch 25 iteration 0: 0.6413944363594055
loss in epoch 25 iteration 100: 0.6987148523330688
loss in epoch 25 iteration 200: 0.6005489230155945
loss in epoch 25 iteration 300: 0.7407301664352417
loss in epoch 26 iteration 0: 0.6070523262023926
loss in epoch 26 iteration 100: 0.6274844408035278
loss in epoch 26 iteration 200: 0.6163845062255859
loss in epoch 26 iteration 300: 0.7245226502418518
loss in epoch 27 iteration 0: 0.688601553440094
loss in epoch 27 iteration 100: 0.6389263868331909
loss in epoch 27 iteration 200: 0.6339547634124756
loss in epoch 27 iteration 300: 0.5707003474235535
loss in epoch 28 iteration 0: 0.6173915863037109
loss in epoch 28 iteration 100: 0.5415299534797668
loss in epoch 28 iteration 200: 0.6543766260147095
loss in epoch 28 iteration 300: 0.5909616351127625
loss in epoch 29 iteration 0: 0.6042788028717041
loss in epoch 29 iteration 100: 0.6426769495010376
loss in epoch 29 iteration 200: 0.6534026861190796
loss in epoch 29 iteration 300: 0.6574203372001648
loss in epoch 30 iteration 0: 0.6265113949775696
loss in epoch 30 iteration 100: 0.6778804659843445
loss in epoch 30 iteration 200: 0.5922915935516357
loss in epoch 30 iteration 300: 0.6199884414672852
loss in epoch 31 iteration 0: 0.6559187173843384
loss in epoch 31 iteration 100: 0.6222172975540161
loss in epoch 31 iteration 200: 0.6079023480415344
loss in epoch 31 iteration 300: 0.653350830078125
loss in epoch 32 iteration 0: 0.6808505058288574
loss in epoch 32 iteration 100: 0.5203520059585571
loss in epoch 32 iteration 200: 0.5716163516044617
loss in epoch 32 iteration 300: 0.5867431163787842
loss in epoch 33 iteration 0: 0.5553380846977234
loss in epoch 33 iteration 100: 0.6163137555122375
loss in epoch 33 iteration 200: 0.6294956803321838
loss in epoch 33 iteration 300: 0.6082396507263184
loss in epoch 34 iteration 0: 0.6228610873222351
loss in epoch 34 iteration 100: 0.5938601493835449
loss in epoch 34 iteration 200: 0.5862662196159363
loss in epoch 34 iteration 300: 0.5059510469436646
loss in epoch 35 iteration 0: 0.5875716209411621
loss in epoch 35 iteration 100: 0.6375341415405273
loss in epoch 35 iteration 200: 0.5713800191879272
loss in epoch 35 iteration 300: 0.541323184967041
loss in epoch 36 iteration 0: 0.5762673616409302
loss in epoch 36 iteration 100: 0.6438025236129761
loss in epoch 36 iteration 200: 0.5921419858932495
loss in epoch 36 iteration 300: 0.5765790939331055
loss in epoch 37 iteration 0: 0.5952657461166382
loss in epoch 37 iteration 100: 0.6035329103469849
loss in epoch 37 iteration 200: 0.6019376516342163
loss in epoch 37 iteration 300: 0.6465285420417786
loss in epoch 38 iteration 0: 0.5457488298416138
loss in epoch 38 iteration 100: 0.5831053853034973
loss in epoch 38 iteration 200: 0.5857311487197876
loss in epoch 38 iteration 300: 0.5428122282028198
loss in epoch 39 iteration 0: 0.5212041139602661
loss in epoch 39 iteration 100: 0.5881147980690002
loss in epoch 39 iteration 200: 0.5773829817771912
loss in epoch 39 iteration 300: 0.5958058834075928
loss in epoch 40 iteration 0: 0.5396222472190857
loss in epoch 40 iteration 100: 0.5459718108177185
loss in epoch 40 iteration 200: 0.5803958773612976
loss in epoch 40 iteration 300: 0.5338085293769836
Evaluating........................................................................................................................................................................................................

epoch:40, time: 884.828104(s), valid (NDCG@10: 0.3461, HR@10: 0.5617), test (NDCG@10: 0.1621, HR@10: 0.1621)
(0.34609183328394016, 0.5617) (0.1621, 0.1621)

loss in epoch 41 iteration 0: 0.6618084907531738
loss in epoch 41 iteration 100: 0.6229436993598938
loss in epoch 41 iteration 200: 0.6050779819488525
loss in epoch 41 iteration 300: 0.5884946584701538
loss in epoch 42 iteration 0: 0.5729398131370544
loss in epoch 42 iteration 100: 0.60246342420578
loss in epoch 42 iteration 200: 0.5718346834182739
loss in epoch 42 iteration 300: 0.5668095946311951
loss in epoch 43 iteration 0: 0.5635978579521179
loss in epoch 43 iteration 100: 0.6595425009727478
loss in epoch 43 iteration 200: 0.4991005063056946
loss in epoch 43 iteration 300: 0.5011321306228638
loss in epoch 44 iteration 0: 0.5664223432540894
loss in epoch 44 iteration 100: 0.5674000978469849
loss in epoch 44 iteration 200: 0.5434313416481018
loss in epoch 44 iteration 300: 0.5314052700996399
loss in epoch 45 iteration 0: 0.5625815391540527
loss in epoch 45 iteration 100: 0.5406278371810913
loss in epoch 45 iteration 200: 0.513374388217926
loss in epoch 45 iteration 300: 0.5149454474449158
loss in epoch 46 iteration 0: 0.6049179434776306
loss in epoch 46 iteration 100: 0.5358078479766846
loss in epoch 46 iteration 200: 0.558024525642395
loss in epoch 46 iteration 300: 0.5328545570373535
loss in epoch 47 iteration 0: 0.5325437188148499
loss in epoch 47 iteration 100: 0.5648555755615234
loss in epoch 47 iteration 200: 0.5746728181838989
loss in epoch 47 iteration 300: 0.4811338782310486
loss in epoch 48 iteration 0: 0.5406891107559204
loss in epoch 48 iteration 100: 0.5598063468933105
loss in epoch 48 iteration 200: 0.5134040713310242
loss in epoch 48 iteration 300: 0.5057818293571472
loss in epoch 49 iteration 0: 0.5435366630554199
loss in epoch 49 iteration 100: 0.5076401233673096
loss in epoch 49 iteration 200: 0.5474101305007935
loss in epoch 49 iteration 300: 0.4636434018611908
loss in epoch 50 iteration 0: 0.5831116437911987
loss in epoch 50 iteration 100: 0.5358701944351196
loss in epoch 50 iteration 200: 0.5394734144210815
loss in epoch 50 iteration 300: 0.494376540184021
loss in epoch 51 iteration 0: 0.5534651875495911
loss in epoch 51 iteration 100: 0.524363100528717
loss in epoch 51 iteration 200: 0.509040355682373
loss in epoch 51 iteration 300: 0.5361120700836182
loss in epoch 52 iteration 0: 0.5233680009841919
loss in epoch 52 iteration 100: 0.541340708732605
loss in epoch 52 iteration 200: 0.43866708874702454
loss in epoch 52 iteration 300: 0.5331095457077026
loss in epoch 53 iteration 0: 0.6096255779266357
loss in epoch 53 iteration 100: 0.547435998916626
loss in epoch 53 iteration 200: 0.523723304271698
loss in epoch 53 iteration 300: 0.5711574554443359
loss in epoch 54 iteration 0: 0.4839397072792053
loss in epoch 54 iteration 100: 0.4920569658279419
loss in epoch 54 iteration 200: 0.4900544285774231
loss in epoch 54 iteration 300: 0.5497313141822815
loss in epoch 55 iteration 0: 0.5434005260467529
loss in epoch 55 iteration 100: 0.49395957589149475
loss in epoch 55 iteration 200: 0.5170145034790039
loss in epoch 55 iteration 300: 0.5335713624954224
loss in epoch 56 iteration 0: 0.5251230597496033
loss in epoch 56 iteration 100: 0.568700909614563
loss in epoch 56 iteration 200: 0.4812980890274048
loss in epoch 56 iteration 300: 0.5200155377388
loss in epoch 57 iteration 0: 0.5513061285018921
loss in epoch 57 iteration 100: 0.5462067127227783
loss in epoch 57 iteration 200: 0.5566109418869019
loss in epoch 57 iteration 300: 0.49359363317489624
loss in epoch 58 iteration 0: 0.5241564512252808
loss in epoch 58 iteration 100: 0.5448184013366699
loss in epoch 58 iteration 200: 0.4795590043067932
loss in epoch 58 iteration 300: 0.47672998905181885
loss in epoch 59 iteration 0: 0.4596189260482788
loss in epoch 59 iteration 100: 0.5882232189178467
loss in epoch 59 iteration 200: 0.5400739908218384
loss in epoch 59 iteration 300: 0.4700396656990051
loss in epoch 60 iteration 0: 0.5318084955215454
loss in epoch 60 iteration 100: 0.5264029502868652
loss in epoch 60 iteration 200: 0.5314227342605591
loss in epoch 60 iteration 300: 0.5411869883537292
Evaluating........................................................................................................................................................................................................

epoch:60, time: 1499.779279(s), valid (NDCG@10: 0.3471, HR@10: 0.5572), test (NDCG@10: 0.1639, HR@10: 0.1639)
(0.3471486510692457, 0.5572) (0.1639, 0.1639)

loss in epoch 61 iteration 0: 0.5398586988449097
loss in epoch 61 iteration 100: 0.4820238947868347
loss in epoch 61 iteration 200: 0.5634062886238098
loss in epoch 61 iteration 300: 0.4969765543937683
loss in epoch 62 iteration 0: 0.5134135484695435
loss in epoch 62 iteration 100: 0.5108084678649902
loss in epoch 62 iteration 200: 0.44219619035720825
loss in epoch 62 iteration 300: 0.498287558555603
loss in epoch 63 iteration 0: 0.4605409502983093
loss in epoch 63 iteration 100: 0.5350975394248962
loss in epoch 63 iteration 200: 0.5431088209152222
loss in epoch 63 iteration 300: 0.5420196056365967
loss in epoch 64 iteration 0: 0.4490926265716553
loss in epoch 64 iteration 100: 0.5045275092124939
loss in epoch 64 iteration 200: 0.4766254425048828
loss in epoch 64 iteration 300: 0.4687080979347229
loss in epoch 65 iteration 0: 0.47768327593803406
loss in epoch 65 iteration 100: 0.4921853542327881
loss in epoch 65 iteration 200: 0.43322116136550903
loss in epoch 65 iteration 300: 0.46456968784332275
loss in epoch 66 iteration 0: 0.48652273416519165
loss in epoch 66 iteration 100: 0.47317537665367126
loss in epoch 66 iteration 200: 0.509042501449585
loss in epoch 66 iteration 300: 0.4513355791568756
loss in epoch 67 iteration 0: 0.5095094442367554
loss in epoch 67 iteration 100: 0.5231782793998718
loss in epoch 67 iteration 200: 0.4973644018173218
loss in epoch 67 iteration 300: 0.46249300241470337
loss in epoch 68 iteration 0: 0.46133410930633545
loss in epoch 68 iteration 100: 0.4686466455459595
loss in epoch 68 iteration 200: 0.490583598613739
loss in epoch 68 iteration 300: 0.5007253885269165
loss in epoch 69 iteration 0: 0.5786440968513489
loss in epoch 69 iteration 100: 0.48550307750701904
loss in epoch 69 iteration 200: 0.4350460171699524
loss in epoch 69 iteration 300: 0.4343617558479309
loss in epoch 70 iteration 0: 0.45156607031822205
loss in epoch 70 iteration 100: 0.48904573917388916
loss in epoch 70 iteration 200: 0.4710901975631714
loss in epoch 70 iteration 300: 0.48699718713760376
loss in epoch 71 iteration 0: 0.43217384815216064
loss in epoch 71 iteration 100: 0.45547208189964294
loss in epoch 71 iteration 200: 0.4743567109107971
loss in epoch 71 iteration 300: 0.4317246973514557
loss in epoch 72 iteration 0: 0.4612603783607483
loss in epoch 72 iteration 100: 0.4451301097869873
loss in epoch 72 iteration 200: 0.4807136654853821
loss in epoch 72 iteration 300: 0.5236117839813232
loss in epoch 73 iteration 0: 0.5833927392959595
loss in epoch 73 iteration 100: 0.46394240856170654
loss in epoch 73 iteration 200: 0.49229303002357483
loss in epoch 73 iteration 300: 0.46768730878829956
loss in epoch 74 iteration 0: 0.4613141119480133
loss in epoch 74 iteration 100: 0.4720882773399353
loss in epoch 74 iteration 200: 0.47965532541275024
loss in epoch 74 iteration 300: 0.464316189289093
loss in epoch 75 iteration 0: 0.4812597632408142
loss in epoch 75 iteration 100: 0.4907698631286621
loss in epoch 75 iteration 200: 0.5989252924919128
loss in epoch 75 iteration 300: 0.4232426881790161
loss in epoch 76 iteration 0: 0.46141791343688965
loss in epoch 76 iteration 100: 0.4872141480445862
loss in epoch 76 iteration 200: 0.4894220530986786
loss in epoch 76 iteration 300: 0.4647185206413269
loss in epoch 77 iteration 0: 0.4527912735939026
loss in epoch 77 iteration 100: 0.5320466160774231
loss in epoch 77 iteration 200: 0.5340293049812317
loss in epoch 77 iteration 300: 0.5080814361572266
loss in epoch 78 iteration 0: 0.5690346360206604
loss in epoch 78 iteration 100: 0.4522467851638794
loss in epoch 78 iteration 200: 0.46820563077926636
loss in epoch 78 iteration 300: 0.4750000834465027
loss in epoch 79 iteration 0: 0.5272641181945801
loss in epoch 79 iteration 100: 0.4948628544807434
loss in epoch 79 iteration 200: 0.5266104936599731
loss in epoch 79 iteration 300: 0.4357668459415436
loss in epoch 80 iteration 0: 0.46915313601493835
loss in epoch 80 iteration 100: 0.4791714549064636
loss in epoch 80 iteration 200: 0.3939908742904663
loss in epoch 80 iteration 300: 0.4549427628517151
Evaluating........................................................................................................................................................................................................

epoch:80, time: 2178.194716(s), valid (NDCG@10: 0.3485, HR@10: 0.5642), test (NDCG@10: 0.1539, HR@10: 0.1539)
(0.34846145650802046, 0.5642) (0.1539, 0.1539)

loss in epoch 81 iteration 0: 0.47661465406417847
loss in epoch 81 iteration 100: 0.493003785610199
loss in epoch 81 iteration 200: 0.42158716917037964
loss in epoch 81 iteration 300: 0.41259247064590454
loss in epoch 82 iteration 0: 0.4640991687774658
loss in epoch 82 iteration 100: 0.42672765254974365
loss in epoch 82 iteration 200: 0.4597629904747009
loss in epoch 82 iteration 300: 0.44703519344329834
loss in epoch 83 iteration 0: 0.4409072697162628
loss in epoch 83 iteration 100: 0.45272162556648254
loss in epoch 83 iteration 200: 0.43735477328300476
loss in epoch 83 iteration 300: 0.4711483418941498
loss in epoch 84 iteration 0: 0.4812402129173279
loss in epoch 84 iteration 100: 0.4753504991531372
loss in epoch 84 iteration 200: 0.47103551030158997
loss in epoch 84 iteration 300: 0.45893949270248413
loss in epoch 85 iteration 0: 0.4498736262321472
loss in epoch 85 iteration 100: 0.44439244270324707
loss in epoch 85 iteration 200: 0.46435755491256714
loss in epoch 85 iteration 300: 0.45704275369644165
loss in epoch 86 iteration 0: 0.46698862314224243
loss in epoch 86 iteration 100: 0.468339741230011
loss in epoch 86 iteration 200: 0.4536900520324707
loss in epoch 86 iteration 300: 0.4164133071899414
loss in epoch 87 iteration 0: 0.4425147771835327
loss in epoch 87 iteration 100: 0.49690157175064087
loss in epoch 87 iteration 200: 0.42889517545700073
loss in epoch 87 iteration 300: 0.47707322239875793
loss in epoch 88 iteration 0: 0.5318064093589783
loss in epoch 88 iteration 100: 0.44540199637413025
loss in epoch 88 iteration 200: 0.5133652687072754
loss in epoch 88 iteration 300: 0.45970582962036133
loss in epoch 89 iteration 0: 0.5023012757301331
loss in epoch 89 iteration 100: 0.5147185921669006
loss in epoch 89 iteration 200: 0.4313184916973114
loss in epoch 89 iteration 300: 0.4896313548088074
loss in epoch 90 iteration 0: 0.5292574167251587
loss in epoch 90 iteration 100: 0.47141003608703613
loss in epoch 90 iteration 200: 0.46211308240890503
loss in epoch 90 iteration 300: 0.4754030108451843
loss in epoch 91 iteration 0: 0.5061358213424683
loss in epoch 91 iteration 100: 0.4778951406478882
loss in epoch 91 iteration 200: 0.4976186752319336
loss in epoch 91 iteration 300: 0.470633864402771
loss in epoch 92 iteration 0: 0.4630698561668396
loss in epoch 92 iteration 100: 0.47722190618515015
loss in epoch 92 iteration 200: 0.48476627469062805
loss in epoch 92 iteration 300: 0.4761551022529602
loss in epoch 93 iteration 0: 0.3556409478187561
loss in epoch 93 iteration 100: 0.4637290835380554
loss in epoch 93 iteration 200: 0.3971765637397766
loss in epoch 93 iteration 300: 0.4740261137485504
loss in epoch 94 iteration 0: 0.47903040051460266
loss in epoch 94 iteration 100: 0.45938122272491455
loss in epoch 94 iteration 200: 0.45787256956100464
loss in epoch 94 iteration 300: 0.4065930247306824
loss in epoch 95 iteration 0: 0.4769051969051361
loss in epoch 95 iteration 100: 0.48188316822052
loss in epoch 95 iteration 200: 0.49617651104927063
loss in epoch 95 iteration 300: 0.44559839367866516
loss in epoch 96 iteration 0: 0.44178515672683716
loss in epoch 96 iteration 100: 0.46830087900161743
loss in epoch 96 iteration 200: 0.5076122283935547
loss in epoch 96 iteration 300: 0.4085691273212433
loss in epoch 97 iteration 0: 0.5077215433120728
loss in epoch 97 iteration 100: 0.4627235531806946
loss in epoch 97 iteration 200: 0.43825799226760864
loss in epoch 97 iteration 300: 0.3889741897583008
loss in epoch 98 iteration 0: 0.5083212852478027
loss in epoch 98 iteration 100: 0.41996651887893677
loss in epoch 98 iteration 200: 0.48016759753227234
loss in epoch 98 iteration 300: 0.43703675270080566
loss in epoch 99 iteration 0: 0.49541592597961426
loss in epoch 99 iteration 100: 0.43635648488998413
loss in epoch 99 iteration 200: 0.4263190031051636
loss in epoch 99 iteration 300: 0.46405094861984253
loss in epoch 100 iteration 0: 0.38875940442085266
loss in epoch 100 iteration 100: 0.45361006259918213
loss in epoch 100 iteration 200: 0.4809892177581787
loss in epoch 100 iteration 300: 0.4798857569694519
Evaluating........................................................................................................................................................................................................

epoch:100, time: 2606.479999(s), valid (NDCG@10: 0.3467, HR@10: 0.5591), test (NDCG@10: 0.1586, HR@10: 0.1586)
(0.3466617175345775, 0.5591) (0.1586, 0.1586)

loss in epoch 101 iteration 0: 0.4633369743824005
loss in epoch 101 iteration 100: 0.43939340114593506
loss in epoch 101 iteration 200: 0.43223246932029724
loss in epoch 101 iteration 300: 0.4581425189971924
loss in epoch 102 iteration 0: 0.4167502522468567
loss in epoch 102 iteration 100: 0.42313745617866516
loss in epoch 102 iteration 200: 0.4149894118309021
loss in epoch 102 iteration 300: 0.4366394877433777
loss in epoch 103 iteration 0: 0.5196093320846558
loss in epoch 103 iteration 100: 0.4812191128730774
loss in epoch 103 iteration 200: 0.45558106899261475
loss in epoch 103 iteration 300: 0.42083263397216797
loss in epoch 104 iteration 0: 0.47263574600219727
loss in epoch 104 iteration 100: 0.44146728515625
loss in epoch 104 iteration 200: 0.381975382566452
loss in epoch 104 iteration 300: 0.4763506352901459
loss in epoch 105 iteration 0: 0.48943716287612915
loss in epoch 105 iteration 100: 0.5241090059280396
loss in epoch 105 iteration 200: 0.40533602237701416
loss in epoch 105 iteration 300: 0.4283312261104584
loss in epoch 106 iteration 0: 0.47664615511894226
loss in epoch 106 iteration 100: 0.39779776334762573
loss in epoch 106 iteration 200: 0.44926950335502625
loss in epoch 106 iteration 300: 0.4605877697467804
loss in epoch 107 iteration 0: 0.4559527039527893
loss in epoch 107 iteration 100: 0.44993484020233154
loss in epoch 107 iteration 200: 0.4868179261684418
loss in epoch 107 iteration 300: 0.4124791920185089
loss in epoch 108 iteration 0: 0.5302225947380066
loss in epoch 108 iteration 100: 0.4310811161994934
loss in epoch 108 iteration 200: 0.43982553482055664
loss in epoch 108 iteration 300: 0.43368616700172424
loss in epoch 109 iteration 0: 0.4567958116531372
loss in epoch 109 iteration 100: 0.48763513565063477
loss in epoch 109 iteration 200: 0.43615904450416565
loss in epoch 109 iteration 300: 0.42300504446029663
loss in epoch 110 iteration 0: 0.45179328322410583
loss in epoch 110 iteration 100: 0.43032634258270264
loss in epoch 110 iteration 200: 0.42940667271614075
loss in epoch 110 iteration 300: 0.41264575719833374
loss in epoch 111 iteration 0: 0.42342305183410645
loss in epoch 111 iteration 100: 0.37221041321754456
loss in epoch 111 iteration 200: 0.41362085938453674
loss in epoch 111 iteration 300: 0.4725225567817688
loss in epoch 112 iteration 0: 0.4805653691291809
loss in epoch 112 iteration 100: 0.38802483677864075
loss in epoch 112 iteration 200: 0.40163731575012207
loss in epoch 112 iteration 300: 0.418007493019104
loss in epoch 113 iteration 0: 0.43948623538017273
loss in epoch 113 iteration 100: 0.44219285249710083
loss in epoch 113 iteration 200: 0.4320131540298462
loss in epoch 113 iteration 300: 0.47493380308151245
loss in epoch 114 iteration 0: 0.4627038836479187
loss in epoch 114 iteration 100: 0.44494298100471497
loss in epoch 114 iteration 200: 0.38512498140335083
loss in epoch 114 iteration 300: 0.39823436737060547
loss in epoch 115 iteration 0: 0.42541831731796265
loss in epoch 115 iteration 100: 0.4373960494995117
loss in epoch 115 iteration 200: 0.47273045778274536
loss in epoch 115 iteration 300: 0.4518226683139801
loss in epoch 116 iteration 0: 0.4586244225502014
loss in epoch 116 iteration 100: 0.4797714352607727
loss in epoch 116 iteration 200: 0.48872458934783936
loss in epoch 116 iteration 300: 0.4349346458911896
loss in epoch 117 iteration 0: 0.4662490487098694
loss in epoch 117 iteration 100: 0.410256952047348
loss in epoch 117 iteration 200: 0.46699297428131104
loss in epoch 117 iteration 300: 0.4202893376350403
loss in epoch 118 iteration 0: 0.44443994760513306
loss in epoch 118 iteration 100: 0.4529215097427368
loss in epoch 118 iteration 200: 0.47221362590789795
loss in epoch 118 iteration 300: 0.4669928550720215
loss in epoch 119 iteration 0: 0.40816086530685425
loss in epoch 119 iteration 100: 0.42271167039871216
loss in epoch 119 iteration 200: 0.46910250186920166
loss in epoch 119 iteration 300: 0.42698484659194946
loss in epoch 120 iteration 0: 0.4420388340950012
loss in epoch 120 iteration 100: 0.5065905451774597
loss in epoch 120 iteration 200: 0.401825875043869
loss in epoch 120 iteration 300: 0.41005074977874756
Evaluating........................................................................................................................................................................................................

epoch:120, time: 3162.927364(s), valid (NDCG@10: 0.3543, HR@10: 0.5675), test (NDCG@10: 0.1586, HR@10: 0.1586)
(0.35427968629026746, 0.5675) (0.1586, 0.1586)

loss in epoch 121 iteration 0: 0.45214805006980896
loss in epoch 121 iteration 100: 0.4644605815410614
loss in epoch 121 iteration 200: 0.3984752893447876
loss in epoch 121 iteration 300: 0.4140005111694336
loss in epoch 122 iteration 0: 0.5232953429222107
loss in epoch 122 iteration 100: 0.41505223512649536
loss in epoch 122 iteration 200: 0.4911414682865143
loss in epoch 122 iteration 300: 0.4230496883392334
loss in epoch 123 iteration 0: 0.469160795211792
loss in epoch 123 iteration 100: 0.40826505422592163
loss in epoch 123 iteration 200: 0.4175794720649719
loss in epoch 123 iteration 300: 0.4200330376625061
loss in epoch 124 iteration 0: 0.4373357594013214
loss in epoch 124 iteration 100: 0.4719117283821106
loss in epoch 124 iteration 200: 0.4636392295360565
loss in epoch 124 iteration 300: 0.41827231645584106
loss in epoch 125 iteration 0: 0.4881180226802826
loss in epoch 125 iteration 100: 0.40710824728012085
loss in epoch 125 iteration 200: 0.4010985195636749
loss in epoch 125 iteration 300: 0.4491231441497803
loss in epoch 126 iteration 0: 0.3840538263320923
loss in epoch 126 iteration 100: 0.44417262077331543
loss in epoch 126 iteration 200: 0.4325692057609558
loss in epoch 126 iteration 300: 0.40026289224624634
loss in epoch 127 iteration 0: 0.4544069766998291
loss in epoch 127 iteration 100: 0.46354639530181885
loss in epoch 127 iteration 200: 0.42850080132484436
loss in epoch 127 iteration 300: 0.39840421080589294
loss in epoch 128 iteration 0: 0.44840216636657715
loss in epoch 128 iteration 100: 0.46411097049713135
loss in epoch 128 iteration 200: 0.45509839057922363
loss in epoch 128 iteration 300: 0.3654162883758545
loss in epoch 129 iteration 0: 0.43563586473464966
loss in epoch 129 iteration 100: 0.3812149465084076
loss in epoch 129 iteration 200: 0.38199058175086975
loss in epoch 129 iteration 300: 0.4479474723339081
loss in epoch 130 iteration 0: 0.3959328532218933
loss in epoch 130 iteration 100: 0.4497838020324707
loss in epoch 130 iteration 200: 0.3501720428466797
loss in epoch 130 iteration 300: 0.40610751509666443
loss in epoch 131 iteration 0: 0.42840152978897095
loss in epoch 131 iteration 100: 0.3997391164302826
loss in epoch 131 iteration 200: 0.4189003109931946
loss in epoch 131 iteration 300: 0.4111401438713074
loss in epoch 132 iteration 0: 0.3944748640060425
loss in epoch 132 iteration 100: 0.36781036853790283
loss in epoch 132 iteration 200: 0.45150938630104065
loss in epoch 132 iteration 300: 0.4509464502334595
loss in epoch 133 iteration 0: 0.3932272791862488
loss in epoch 133 iteration 100: 0.44073519110679626
loss in epoch 133 iteration 200: 0.41447770595550537
loss in epoch 133 iteration 300: 0.4589451551437378
loss in epoch 134 iteration 0: 0.45919281244277954
loss in epoch 134 iteration 100: 0.417864054441452
loss in epoch 134 iteration 200: 0.42552557587623596
loss in epoch 134 iteration 300: 0.44225597381591797
loss in epoch 135 iteration 0: 0.4553658366203308
loss in epoch 135 iteration 100: 0.4038594961166382
loss in epoch 135 iteration 200: 0.470348060131073
loss in epoch 135 iteration 300: 0.4645509123802185
loss in epoch 136 iteration 0: 0.409181147813797
loss in epoch 136 iteration 100: 0.4183434844017029
loss in epoch 136 iteration 200: 0.47325900197029114
loss in epoch 136 iteration 300: 0.44796326756477356
loss in epoch 137 iteration 0: 0.4438225328922272
loss in epoch 137 iteration 100: 0.3545491099357605
loss in epoch 137 iteration 200: 0.4114841818809509
loss in epoch 137 iteration 300: 0.4108055830001831
loss in epoch 138 iteration 0: 0.4412338137626648
loss in epoch 138 iteration 100: 0.41986608505249023
loss in epoch 138 iteration 200: 0.41186779737472534
loss in epoch 138 iteration 300: 0.460472971200943
loss in epoch 139 iteration 0: 0.4506688714027405
loss in epoch 139 iteration 100: 0.4023975133895874
loss in epoch 139 iteration 200: 0.3421991169452667
loss in epoch 139 iteration 300: 0.4102129340171814
loss in epoch 140 iteration 0: 0.424521803855896
loss in epoch 140 iteration 100: 0.4267301559448242
loss in epoch 140 iteration 200: 0.3867839276790619
loss in epoch 140 iteration 300: 0.44423529505729675
Evaluating........................................................................................................................................................................................................

epoch:140, time: 3513.457819(s), valid (NDCG@10: 0.3564, HR@10: 0.5691), test (NDCG@10: 0.1653, HR@10: 0.1653)
(0.35644616878034785, 0.5691) (0.1653, 0.1653)

loss in epoch 141 iteration 0: 0.4757726490497589
loss in epoch 141 iteration 100: 0.40387141704559326
loss in epoch 141 iteration 200: 0.47195112705230713
loss in epoch 141 iteration 300: 0.4161688983440399
loss in epoch 142 iteration 0: 0.41502147912979126
loss in epoch 142 iteration 100: 0.38712644577026367
loss in epoch 142 iteration 200: 0.38341283798217773
loss in epoch 142 iteration 300: 0.3927983045578003
loss in epoch 143 iteration 0: 0.41880327463150024
loss in epoch 143 iteration 100: 0.44585344195365906
loss in epoch 143 iteration 200: 0.40199971199035645
loss in epoch 143 iteration 300: 0.4361517131328583
loss in epoch 144 iteration 0: 0.41816458106040955
loss in epoch 144 iteration 100: 0.42965424060821533
loss in epoch 144 iteration 200: 0.3788546323776245
loss in epoch 144 iteration 300: 0.4160490036010742
loss in epoch 145 iteration 0: 0.3757791519165039
loss in epoch 145 iteration 100: 0.42584413290023804
loss in epoch 145 iteration 200: 0.43813854455947876
loss in epoch 145 iteration 300: 0.3441084027290344
loss in epoch 146 iteration 0: 0.46205684542655945
loss in epoch 146 iteration 100: 0.3959506154060364
loss in epoch 146 iteration 200: 0.41797417402267456
loss in epoch 146 iteration 300: 0.4257347583770752
loss in epoch 147 iteration 0: 0.42414742708206177
loss in epoch 147 iteration 100: 0.3488582968711853
loss in epoch 147 iteration 200: 0.4104893207550049
loss in epoch 147 iteration 300: 0.41873595118522644
loss in epoch 148 iteration 0: 0.44332024455070496
loss in epoch 148 iteration 100: 0.4534832835197449
loss in epoch 148 iteration 200: 0.4236651659011841
loss in epoch 148 iteration 300: 0.3734174370765686
loss in epoch 149 iteration 0: 0.4719362258911133
loss in epoch 149 iteration 100: 0.4050588011741638
loss in epoch 149 iteration 200: 0.3774299621582031
loss in epoch 149 iteration 300: 0.4464882016181946
loss in epoch 150 iteration 0: 0.3837674558162689
loss in epoch 150 iteration 100: 0.41932421922683716
loss in epoch 150 iteration 200: 0.44312193989753723
loss in epoch 150 iteration 300: 0.44172239303588867
loss in epoch 151 iteration 0: 0.41526299715042114
loss in epoch 151 iteration 100: 0.4076991081237793
loss in epoch 151 iteration 200: 0.3664035201072693
loss in epoch 151 iteration 300: 0.36535507440567017
loss in epoch 152 iteration 0: 0.4639487862586975
loss in epoch 152 iteration 100: 0.4191998243331909
loss in epoch 152 iteration 200: 0.37975096702575684
loss in epoch 152 iteration 300: 0.42585182189941406
loss in epoch 153 iteration 0: 0.43905866146087646
loss in epoch 153 iteration 100: 0.4422008991241455
loss in epoch 153 iteration 200: 0.4397212862968445
loss in epoch 153 iteration 300: 0.38854867219924927
loss in epoch 154 iteration 0: 0.4305090010166168
loss in epoch 154 iteration 100: 0.4184247851371765
loss in epoch 154 iteration 200: 0.4472971558570862
loss in epoch 154 iteration 300: 0.35428953170776367
loss in epoch 155 iteration 0: 0.4081120491027832
loss in epoch 155 iteration 100: 0.4454648792743683
loss in epoch 155 iteration 200: 0.34329289197921753
loss in epoch 155 iteration 300: 0.42094776034355164
loss in epoch 156 iteration 0: 0.4418012201786041
loss in epoch 156 iteration 100: 0.3673376441001892
loss in epoch 156 iteration 200: 0.47627371549606323
loss in epoch 156 iteration 300: 0.4318673014640808
loss in epoch 157 iteration 0: 0.3873750567436218
loss in epoch 157 iteration 100: 0.4483320415019989
loss in epoch 157 iteration 200: 0.3845296800136566
loss in epoch 157 iteration 300: 0.4274159073829651
loss in epoch 158 iteration 0: 0.42963045835494995
loss in epoch 158 iteration 100: 0.4651598334312439
loss in epoch 158 iteration 200: 0.4702744781970978
loss in epoch 158 iteration 300: 0.36411428451538086
loss in epoch 159 iteration 0: 0.36251750588417053
loss in epoch 159 iteration 100: 0.3732736110687256
loss in epoch 159 iteration 200: 0.4072784185409546
loss in epoch 159 iteration 300: 0.3692588806152344
loss in epoch 160 iteration 0: 0.3467382490634918
loss in epoch 160 iteration 100: 0.3896624445915222
loss in epoch 160 iteration 200: 0.43122202157974243
loss in epoch 160 iteration 300: 0.3651714324951172
Evaluating........................................................................................................................................................................................................

epoch:160, time: 3645.472693(s), valid (NDCG@10: 0.3529, HR@10: 0.5562), test (NDCG@10: 0.1641, HR@10: 0.1641)
(0.35289199881313227, 0.5562) (0.1641, 0.1641)

loss in epoch 161 iteration 0: 0.40020206570625305
loss in epoch 161 iteration 100: 0.3942725658416748
loss in epoch 161 iteration 200: 0.4102017879486084
loss in epoch 161 iteration 300: 0.44593191146850586
loss in epoch 162 iteration 0: 0.41836708784103394
loss in epoch 162 iteration 100: 0.4223420023918152
loss in epoch 162 iteration 200: 0.39500027894973755
loss in epoch 162 iteration 300: 0.37011075019836426
loss in epoch 163 iteration 0: 0.3510814309120178
loss in epoch 163 iteration 100: 0.3734084963798523
loss in epoch 163 iteration 200: 0.386294960975647
loss in epoch 163 iteration 300: 0.38974815607070923
loss in epoch 164 iteration 0: 0.48536473512649536
loss in epoch 164 iteration 100: 0.34802937507629395
loss in epoch 164 iteration 200: 0.41871732473373413
loss in epoch 164 iteration 300: 0.35651224851608276
loss in epoch 165 iteration 0: 0.3626813292503357
loss in epoch 165 iteration 100: 0.33986684679985046
loss in epoch 165 iteration 200: 0.44120389223098755
loss in epoch 165 iteration 300: 0.4189784824848175
loss in epoch 166 iteration 0: 0.39671534299850464
loss in epoch 166 iteration 100: 0.3954383134841919
loss in epoch 166 iteration 200: 0.3345303237438202
loss in epoch 166 iteration 300: 0.47540155053138733
loss in epoch 167 iteration 0: 0.4475346803665161
loss in epoch 167 iteration 100: 0.37887042760849
loss in epoch 167 iteration 200: 0.3771126866340637
loss in epoch 167 iteration 300: 0.4200129806995392
loss in epoch 168 iteration 0: 0.4224128723144531
loss in epoch 168 iteration 100: 0.37786439061164856
loss in epoch 168 iteration 200: 0.3796676993370056
loss in epoch 168 iteration 300: 0.3963531255722046
loss in epoch 169 iteration 0: 0.41032737493515015
loss in epoch 169 iteration 100: 0.4658414423465729
loss in epoch 169 iteration 200: 0.3815363347530365
loss in epoch 169 iteration 300: 0.3724794387817383
loss in epoch 170 iteration 0: 0.38976097106933594
loss in epoch 170 iteration 100: 0.42422980070114136
loss in epoch 170 iteration 200: 0.34736353158950806
loss in epoch 170 iteration 300: 0.38592684268951416
loss in epoch 171 iteration 0: 0.4432961940765381
loss in epoch 171 iteration 100: 0.41543513536453247
loss in epoch 171 iteration 200: 0.41061830520629883
loss in epoch 171 iteration 300: 0.4204484522342682
loss in epoch 172 iteration 0: 0.45630699396133423
loss in epoch 172 iteration 100: 0.42503949999809265
loss in epoch 172 iteration 200: 0.3809501826763153
loss in epoch 172 iteration 300: 0.44418808817863464
loss in epoch 173 iteration 0: 0.39185404777526855
loss in epoch 173 iteration 100: 0.3927629888057709
loss in epoch 173 iteration 200: 0.4207049608230591
loss in epoch 173 iteration 300: 0.4190065860748291
loss in epoch 174 iteration 0: 0.4081830382347107
loss in epoch 174 iteration 100: 0.40882307291030884
loss in epoch 174 iteration 200: 0.41139620542526245
loss in epoch 174 iteration 300: 0.4385223984718323
loss in epoch 175 iteration 0: 0.3780154585838318
loss in epoch 175 iteration 100: 0.3815319538116455
loss in epoch 175 iteration 200: 0.39426159858703613
loss in epoch 175 iteration 300: 0.3707355260848999
loss in epoch 176 iteration 0: 0.3776412606239319
loss in epoch 176 iteration 100: 0.3778490126132965
loss in epoch 176 iteration 200: 0.41053956747055054
loss in epoch 176 iteration 300: 0.4227152466773987
loss in epoch 177 iteration 0: 0.447068989276886
loss in epoch 177 iteration 100: 0.43670588731765747
loss in epoch 177 iteration 200: 0.3917033076286316
loss in epoch 177 iteration 300: 0.4751228988170624
loss in epoch 178 iteration 0: 0.43856900930404663
loss in epoch 178 iteration 100: 0.3536447584629059
loss in epoch 178 iteration 200: 0.4345027804374695
loss in epoch 178 iteration 300: 0.34784549474716187
loss in epoch 179 iteration 0: 0.4082629680633545
loss in epoch 179 iteration 100: 0.4097995162010193
loss in epoch 179 iteration 200: 0.44330042600631714
loss in epoch 179 iteration 300: 0.35517969727516174
loss in epoch 180 iteration 0: 0.39612406492233276
loss in epoch 180 iteration 100: 0.4278179705142975
loss in epoch 180 iteration 200: 0.3963398337364197
loss in epoch 180 iteration 300: 0.363852322101593
Evaluating........................................................................................................................................................................................................

epoch:180, time: 3781.118367(s), valid (NDCG@10: 0.3569, HR@10: 0.5691), test (NDCG@10: 0.1674, HR@10: 0.1674)
(0.3569220775489455, 0.5691) (0.1674, 0.1674)

loss in epoch 181 iteration 0: 0.37293189764022827
loss in epoch 181 iteration 100: 0.3770008087158203
loss in epoch 181 iteration 200: 0.425150990486145
loss in epoch 181 iteration 300: 0.42266374826431274
loss in epoch 182 iteration 0: 0.3933430016040802
loss in epoch 182 iteration 100: 0.39882373809814453
loss in epoch 182 iteration 200: 0.4105945825576782
loss in epoch 182 iteration 300: 0.4455884099006653
loss in epoch 183 iteration 0: 0.4836212694644928
loss in epoch 183 iteration 100: 0.3926229774951935
loss in epoch 183 iteration 200: 0.4308251738548279
loss in epoch 183 iteration 300: 0.43680840730667114
loss in epoch 184 iteration 0: 0.4721294045448303
loss in epoch 184 iteration 100: 0.3854997456073761
loss in epoch 184 iteration 200: 0.3898841142654419
loss in epoch 184 iteration 300: 0.3971460163593292
loss in epoch 185 iteration 0: 0.44156402349472046
loss in epoch 185 iteration 100: 0.3909362554550171
loss in epoch 185 iteration 200: 0.40007835626602173
loss in epoch 185 iteration 300: 0.40280982851982117
loss in epoch 186 iteration 0: 0.37577977776527405
loss in epoch 186 iteration 100: 0.4213654696941376
loss in epoch 186 iteration 200: 0.36034923791885376
loss in epoch 186 iteration 300: 0.32902267575263977
loss in epoch 187 iteration 0: 0.3552895188331604
loss in epoch 187 iteration 100: 0.45551687479019165
loss in epoch 187 iteration 200: 0.4352455735206604
loss in epoch 187 iteration 300: 0.3315204977989197
loss in epoch 188 iteration 0: 0.3791466951370239
loss in epoch 188 iteration 100: 0.29850298166275024
loss in epoch 188 iteration 200: 0.40963122248649597
loss in epoch 188 iteration 300: 0.4328077435493469
loss in epoch 189 iteration 0: 0.4598855972290039
loss in epoch 189 iteration 100: 0.395180344581604
loss in epoch 189 iteration 200: 0.3750951290130615
loss in epoch 189 iteration 300: 0.43610870838165283
loss in epoch 190 iteration 0: 0.38322722911834717
loss in epoch 190 iteration 100: 0.36910051107406616
loss in epoch 190 iteration 200: 0.41528311371803284
loss in epoch 190 iteration 300: 0.37606844305992126
loss in epoch 191 iteration 0: 0.4867171049118042
loss in epoch 191 iteration 100: 0.4011281132698059
loss in epoch 191 iteration 200: 0.41879355907440186
loss in epoch 191 iteration 300: 0.3545319437980652
loss in epoch 192 iteration 0: 0.3891056180000305
loss in epoch 192 iteration 100: 0.3997941315174103
loss in epoch 192 iteration 200: 0.36851710081100464
loss in epoch 192 iteration 300: 0.3640638589859009
loss in epoch 193 iteration 0: 0.38084155321121216
loss in epoch 193 iteration 100: 0.4578084349632263
loss in epoch 193 iteration 200: 0.39924290776252747
loss in epoch 193 iteration 300: 0.3864389657974243
loss in epoch 194 iteration 0: 0.45728468894958496
loss in epoch 194 iteration 100: 0.44409066438674927
loss in epoch 194 iteration 200: 0.34758156538009644
loss in epoch 194 iteration 300: 0.42363256216049194
loss in epoch 195 iteration 0: 0.4279193878173828
loss in epoch 195 iteration 100: 0.39850592613220215
loss in epoch 195 iteration 200: 0.41494107246398926
loss in epoch 195 iteration 300: 0.40309837460517883
loss in epoch 196 iteration 0: 0.4467007517814636
loss in epoch 196 iteration 100: 0.41336968541145325
loss in epoch 196 iteration 200: 0.3611322045326233
loss in epoch 196 iteration 300: 0.46198421716690063
loss in epoch 197 iteration 0: 0.406563401222229
loss in epoch 197 iteration 100: 0.38023000955581665
loss in epoch 197 iteration 200: 0.3878926634788513
loss in epoch 197 iteration 300: 0.3239002823829651
loss in epoch 198 iteration 0: 0.4321235716342926
loss in epoch 198 iteration 100: 0.4236317276954651
loss in epoch 198 iteration 200: 0.43391770124435425
loss in epoch 198 iteration 300: 0.48847275972366333
loss in epoch 199 iteration 0: 0.39325225353240967
loss in epoch 199 iteration 100: 0.39579057693481445
loss in epoch 199 iteration 200: 0.39593714475631714
loss in epoch 199 iteration 300: 0.37125247716903687
loss in epoch 200 iteration 0: 0.33873096108436584
loss in epoch 200 iteration 100: 0.37232506275177
loss in epoch 200 iteration 200: 0.41626793146133423
loss in epoch 200 iteration 300: 0.37234413623809814
Evaluating........................................................................................................................................................................................................

epoch:200, time: 3916.843265(s), valid (NDCG@10: 0.3581, HR@10: 0.5704), test (NDCG@10: 0.1614, HR@10: 0.1614)
(0.3581037175529459, 0.5704) (0.1614, 0.1614)

Done
Time: 4742.937474966049
