user num: 50985 item num: 25848
average sequence length: 6.10
loss in epoch 1 iteration 0: 1.3894286155700684
loss in epoch 1 iteration 100: 1.3012830018997192
loss in epoch 1 iteration 200: 1.2049754858016968
loss in epoch 1 iteration 300: 1.2770711183547974
loss in epoch 2 iteration 0: 1.1573402881622314
loss in epoch 2 iteration 100: 1.151672601699829
loss in epoch 2 iteration 200: 1.1532539129257202
loss in epoch 2 iteration 300: 1.206437110900879
loss in epoch 3 iteration 0: 1.113036870956421
loss in epoch 3 iteration 100: 1.1132758855819702
loss in epoch 3 iteration 200: 1.1296674013137817
loss in epoch 3 iteration 300: 1.1215617656707764
loss in epoch 4 iteration 0: 1.0978734493255615
loss in epoch 4 iteration 100: 1.081894874572754
loss in epoch 4 iteration 200: 1.0538063049316406
loss in epoch 4 iteration 300: 1.0310876369476318
loss in epoch 5 iteration 0: 0.9841009378433228
loss in epoch 5 iteration 100: 1.0530049800872803
loss in epoch 5 iteration 200: 0.98759925365448
loss in epoch 5 iteration 300: 0.9694448709487915
loss in epoch 6 iteration 0: 0.9466246366500854
loss in epoch 6 iteration 100: 0.9406660795211792
loss in epoch 6 iteration 200: 0.9737445116043091
loss in epoch 6 iteration 300: 0.9155762195587158
loss in epoch 7 iteration 0: 0.8870218992233276
loss in epoch 7 iteration 100: 0.9406673908233643
loss in epoch 7 iteration 200: 0.9126179218292236
loss in epoch 7 iteration 300: 0.8400627374649048
loss in epoch 8 iteration 0: 0.8723112344741821
loss in epoch 8 iteration 100: 0.8481433391571045
loss in epoch 8 iteration 200: 0.8776684999465942
loss in epoch 8 iteration 300: 0.8708115816116333
loss in epoch 9 iteration 0: 0.9066938161849976
loss in epoch 9 iteration 100: 0.8337329030036926
loss in epoch 9 iteration 200: 0.8371032476425171
loss in epoch 9 iteration 300: 0.9577940702438354
loss in epoch 10 iteration 0: 0.8651971817016602
loss in epoch 10 iteration 100: 0.8711822032928467
loss in epoch 10 iteration 200: 0.8025481700897217
loss in epoch 10 iteration 300: 0.9007397294044495
loss in epoch 11 iteration 0: 0.8877673149108887
loss in epoch 11 iteration 100: 0.888594388961792
loss in epoch 11 iteration 200: 0.7822740077972412
loss in epoch 11 iteration 300: 0.8194449543952942
loss in epoch 12 iteration 0: 0.7794486284255981
loss in epoch 12 iteration 100: 0.806755781173706
loss in epoch 12 iteration 200: 0.8354989290237427
loss in epoch 12 iteration 300: 0.8447678089141846
loss in epoch 13 iteration 0: 0.7687084078788757
loss in epoch 13 iteration 100: 0.826486349105835
loss in epoch 13 iteration 200: 0.8223915696144104
loss in epoch 13 iteration 300: 0.7991809844970703
loss in epoch 14 iteration 0: 0.7266725301742554
loss in epoch 14 iteration 100: 0.7859948873519897
loss in epoch 14 iteration 200: 0.7649028897285461
loss in epoch 14 iteration 300: 0.7926203012466431
loss in epoch 15 iteration 0: 0.7293049097061157
loss in epoch 15 iteration 100: 0.6929687261581421
loss in epoch 15 iteration 200: 0.7594739198684692
loss in epoch 15 iteration 300: 0.7866941690444946
loss in epoch 16 iteration 0: 0.7769098281860352
loss in epoch 16 iteration 100: 0.7056372761726379
loss in epoch 16 iteration 200: 0.7764158248901367
loss in epoch 16 iteration 300: 0.7328156232833862
loss in epoch 17 iteration 0: 0.750352680683136
loss in epoch 17 iteration 100: 0.6709054708480835
loss in epoch 17 iteration 200: 0.7051247358322144
loss in epoch 17 iteration 300: 0.6897768974304199
loss in epoch 18 iteration 0: 0.6848373413085938
loss in epoch 18 iteration 100: 0.7186750173568726
loss in epoch 18 iteration 200: 0.624791145324707
loss in epoch 18 iteration 300: 0.7867291569709778
loss in epoch 19 iteration 0: 0.7541875243186951
loss in epoch 19 iteration 100: 0.6946148872375488
loss in epoch 19 iteration 200: 0.7539469003677368
loss in epoch 19 iteration 300: 0.6910200119018555
loss in epoch 20 iteration 0: 0.7618677020072937
loss in epoch 20 iteration 100: 0.7074955701828003
loss in epoch 20 iteration 200: 0.7527105212211609
loss in epoch 20 iteration 300: 0.6775194406509399
Evaluating........................................................................................................................................................................................................

epoch:20, time: 313.849432(s), valid (NDCG@10: 0.3375, HR@10: 0.5443), test (NDCG@10: 0.1560, HR@10: 0.1560)
(0.33750662935574877, 0.5443) (0.156, 0.156)

loss in epoch 21 iteration 0: 0.7625780701637268
loss in epoch 21 iteration 100: 0.648052453994751
loss in epoch 21 iteration 200: 0.7471423149108887
loss in epoch 21 iteration 300: 0.6630241870880127
loss in epoch 22 iteration 0: 0.6866133809089661
loss in epoch 22 iteration 100: 0.7328149080276489
loss in epoch 22 iteration 200: 0.6593168377876282
loss in epoch 22 iteration 300: 0.6821732521057129
loss in epoch 23 iteration 0: 0.657976508140564
loss in epoch 23 iteration 100: 0.6938562393188477
loss in epoch 23 iteration 200: 0.6730268001556396
loss in epoch 23 iteration 300: 0.6588414311408997
loss in epoch 24 iteration 0: 0.6538028717041016
loss in epoch 24 iteration 100: 0.6232330799102783
loss in epoch 24 iteration 200: 0.6259844899177551
loss in epoch 24 iteration 300: 0.6387298107147217
loss in epoch 25 iteration 0: 0.6747378706932068
loss in epoch 25 iteration 100: 0.5950871706008911
loss in epoch 25 iteration 200: 0.6739218235015869
loss in epoch 25 iteration 300: 0.6410614252090454
loss in epoch 26 iteration 0: 0.5672155022621155
loss in epoch 26 iteration 100: 0.6374863386154175
loss in epoch 26 iteration 200: 0.6249640583992004
loss in epoch 26 iteration 300: 0.6200318336486816
loss in epoch 27 iteration 0: 0.6196337938308716
loss in epoch 27 iteration 100: 0.6520613431930542
loss in epoch 27 iteration 200: 0.5378975868225098
loss in epoch 27 iteration 300: 0.6378126740455627
loss in epoch 28 iteration 0: 0.6504414081573486
loss in epoch 28 iteration 100: 0.6801379919052124
loss in epoch 28 iteration 200: 0.6558895707130432
loss in epoch 28 iteration 300: 0.6208206415176392
loss in epoch 29 iteration 0: 0.63388991355896
loss in epoch 29 iteration 100: 0.6079341173171997
loss in epoch 29 iteration 200: 0.562920331954956
loss in epoch 29 iteration 300: 0.6661754846572876
loss in epoch 30 iteration 0: 0.6053080558776855
loss in epoch 30 iteration 100: 0.5762932300567627
loss in epoch 30 iteration 200: 0.6957089900970459
loss in epoch 30 iteration 300: 0.597191333770752
loss in epoch 31 iteration 0: 0.6465978026390076
loss in epoch 31 iteration 100: 0.6418706178665161
loss in epoch 31 iteration 200: 0.6012767553329468
loss in epoch 31 iteration 300: 0.6177712082862854
loss in epoch 32 iteration 0: 0.6175212264060974
loss in epoch 32 iteration 100: 0.6453207731246948
loss in epoch 32 iteration 200: 0.5685304999351501
loss in epoch 32 iteration 300: 0.5700398087501526
loss in epoch 33 iteration 0: 0.6186587810516357
loss in epoch 33 iteration 100: 0.6277680993080139
loss in epoch 33 iteration 200: 0.5932530164718628
loss in epoch 33 iteration 300: 0.6112653017044067
loss in epoch 34 iteration 0: 0.6361242532730103
loss in epoch 34 iteration 100: 0.6001135110855103
loss in epoch 34 iteration 200: 0.5890327095985413
loss in epoch 34 iteration 300: 0.6020183563232422
loss in epoch 35 iteration 0: 0.5276192426681519
loss in epoch 35 iteration 100: 0.535962700843811
loss in epoch 35 iteration 200: 0.5390316247940063
loss in epoch 35 iteration 300: 0.5847927331924438
loss in epoch 36 iteration 0: 0.5859306454658508
loss in epoch 36 iteration 100: 0.6331189870834351
loss in epoch 36 iteration 200: 0.6352665424346924
loss in epoch 36 iteration 300: 0.5947738885879517
loss in epoch 37 iteration 0: 0.5613728761672974
loss in epoch 37 iteration 100: 0.598159909248352
loss in epoch 37 iteration 200: 0.5643712282180786
loss in epoch 37 iteration 300: 0.589693009853363
loss in epoch 38 iteration 0: 0.583817720413208
loss in epoch 38 iteration 100: 0.5629299879074097
loss in epoch 38 iteration 200: 0.5866893529891968
loss in epoch 38 iteration 300: 0.591397762298584
loss in epoch 39 iteration 0: 0.6022406220436096
loss in epoch 39 iteration 100: 0.5708192586898804
loss in epoch 39 iteration 200: 0.628287672996521
loss in epoch 39 iteration 300: 0.588748037815094
loss in epoch 40 iteration 0: 0.5598368048667908
loss in epoch 40 iteration 100: 0.5884657502174377
loss in epoch 40 iteration 200: 0.6260614395141602
loss in epoch 40 iteration 300: 0.5348255634307861
Evaluating........................................................................................................................................................................................................

epoch:40, time: 813.035740(s), valid (NDCG@10: 0.3462, HR@10: 0.5572), test (NDCG@10: 0.1584, HR@10: 0.1584)
(0.3462074578004383, 0.5572) (0.1584, 0.1584)

loss in epoch 41 iteration 0: 0.5018439292907715
loss in epoch 41 iteration 100: 0.5160050988197327
loss in epoch 41 iteration 200: 0.5713595747947693
loss in epoch 41 iteration 300: 0.538001537322998
loss in epoch 42 iteration 0: 0.5319969058036804
loss in epoch 42 iteration 100: 0.5202196836471558
loss in epoch 42 iteration 200: 0.5663162469863892
loss in epoch 42 iteration 300: 0.6134228706359863
loss in epoch 43 iteration 0: 0.5842819809913635
loss in epoch 43 iteration 100: 0.5531883239746094
loss in epoch 43 iteration 200: 0.5192644596099854
loss in epoch 43 iteration 300: 0.5231694579124451
loss in epoch 44 iteration 0: 0.6012423038482666
loss in epoch 44 iteration 100: 0.5231689214706421
loss in epoch 44 iteration 200: 0.5245000720024109
loss in epoch 44 iteration 300: 0.5523644089698792
loss in epoch 45 iteration 0: 0.5527499914169312
loss in epoch 45 iteration 100: 0.5131295919418335
loss in epoch 45 iteration 200: 0.5579634308815002
loss in epoch 45 iteration 300: 0.4999457001686096
loss in epoch 46 iteration 0: 0.555457353591919
loss in epoch 46 iteration 100: 0.4865958094596863
loss in epoch 46 iteration 200: 0.5598578453063965
loss in epoch 46 iteration 300: 0.5412338972091675
loss in epoch 47 iteration 0: 0.5108110904693604
loss in epoch 47 iteration 100: 0.5919401049613953
loss in epoch 47 iteration 200: 0.5829051733016968
loss in epoch 47 iteration 300: 0.5505715608596802
loss in epoch 48 iteration 0: 0.5335161089897156
loss in epoch 48 iteration 100: 0.5291280150413513
loss in epoch 48 iteration 200: 0.5216501951217651
loss in epoch 48 iteration 300: 0.5052136182785034
loss in epoch 49 iteration 0: 0.5933319926261902
loss in epoch 49 iteration 100: 0.5224876999855042
loss in epoch 49 iteration 200: 0.4925522208213806
loss in epoch 49 iteration 300: 0.558414101600647
loss in epoch 50 iteration 0: 0.5696659684181213
loss in epoch 50 iteration 100: 0.5029788613319397
loss in epoch 50 iteration 200: 0.6407251358032227
loss in epoch 50 iteration 300: 0.5322262048721313
loss in epoch 51 iteration 0: 0.6091368794441223
loss in epoch 51 iteration 100: 0.4894856810569763
loss in epoch 51 iteration 200: 0.4843401312828064
loss in epoch 51 iteration 300: 0.5497568845748901
loss in epoch 52 iteration 0: 0.5323289036750793
loss in epoch 52 iteration 100: 0.5219376683235168
loss in epoch 52 iteration 200: 0.5182260274887085
loss in epoch 52 iteration 300: 0.5657086372375488
loss in epoch 53 iteration 0: 0.576310396194458
loss in epoch 53 iteration 100: 0.4897826313972473
loss in epoch 53 iteration 200: 0.5025811791419983
loss in epoch 53 iteration 300: 0.4800189435482025
loss in epoch 54 iteration 0: 0.454715758562088
loss in epoch 54 iteration 100: 0.5271639227867126
loss in epoch 54 iteration 200: 0.44875839352607727
loss in epoch 54 iteration 300: 0.4659499526023865
loss in epoch 55 iteration 0: 0.4761931300163269
loss in epoch 55 iteration 100: 0.4871360957622528
loss in epoch 55 iteration 200: 0.5629768967628479
loss in epoch 55 iteration 300: 0.5540515184402466
loss in epoch 56 iteration 0: 0.4878399968147278
loss in epoch 56 iteration 100: 0.5265100598335266
loss in epoch 56 iteration 200: 0.5306267738342285
loss in epoch 56 iteration 300: 0.5202300548553467
loss in epoch 57 iteration 0: 0.5085581541061401
loss in epoch 57 iteration 100: 0.5457609295845032
loss in epoch 57 iteration 200: 0.41638657450675964
loss in epoch 57 iteration 300: 0.5275403261184692
loss in epoch 58 iteration 0: 0.538550853729248
loss in epoch 58 iteration 100: 0.5709649324417114
loss in epoch 58 iteration 200: 0.5634286403656006
loss in epoch 58 iteration 300: 0.49148982763290405
loss in epoch 59 iteration 0: 0.516737163066864
loss in epoch 59 iteration 100: 0.5259254574775696
loss in epoch 59 iteration 200: 0.5087478756904602
loss in epoch 59 iteration 300: 0.4930121898651123
loss in epoch 60 iteration 0: 0.485870361328125
loss in epoch 60 iteration 100: 0.4705589711666107
loss in epoch 60 iteration 200: 0.5632513761520386
loss in epoch 60 iteration 300: 0.5476122498512268
Evaluating........................................................................................................................................................................................................

epoch:60, time: 1114.822867(s), valid (NDCG@10: 0.3456, HR@10: 0.5629), test (NDCG@10: 0.1586, HR@10: 0.1586)
(0.34561100451045174, 0.5629) (0.1586, 0.1586)

loss in epoch 61 iteration 0: 0.5214471220970154
loss in epoch 61 iteration 100: 0.4670974910259247
loss in epoch 61 iteration 200: 0.4935832619667053
loss in epoch 61 iteration 300: 0.5293971300125122
loss in epoch 62 iteration 0: 0.5486656427383423
loss in epoch 62 iteration 100: 0.49742743372917175
loss in epoch 62 iteration 200: 0.42551910877227783
loss in epoch 62 iteration 300: 0.5099225044250488
loss in epoch 63 iteration 0: 0.48721033334732056
loss in epoch 63 iteration 100: 0.479403555393219
loss in epoch 63 iteration 200: 0.49045026302337646
loss in epoch 63 iteration 300: 0.4999874234199524
loss in epoch 64 iteration 0: 0.46318721771240234
loss in epoch 64 iteration 100: 0.5356059074401855
loss in epoch 64 iteration 200: 0.5298771262168884
loss in epoch 64 iteration 300: 0.5317708253860474
loss in epoch 65 iteration 0: 0.5039578676223755
loss in epoch 65 iteration 100: 0.5110458731651306
loss in epoch 65 iteration 200: 0.48088333010673523
loss in epoch 65 iteration 300: 0.4664049744606018
loss in epoch 66 iteration 0: 0.4584909975528717
loss in epoch 66 iteration 100: 0.5082505345344543
loss in epoch 66 iteration 200: 0.5312443971633911
loss in epoch 66 iteration 300: 0.543848991394043
loss in epoch 67 iteration 0: 0.4735739827156067
loss in epoch 67 iteration 100: 0.5331410765647888
loss in epoch 67 iteration 200: 0.5023095011711121
loss in epoch 67 iteration 300: 0.5308073163032532
loss in epoch 68 iteration 0: 0.5033732652664185
loss in epoch 68 iteration 100: 0.5021275281906128
loss in epoch 68 iteration 200: 0.5033061504364014
loss in epoch 68 iteration 300: 0.5249638557434082
loss in epoch 69 iteration 0: 0.5051507353782654
loss in epoch 69 iteration 100: 0.4930100440979004
loss in epoch 69 iteration 200: 0.4896395206451416
loss in epoch 69 iteration 300: 0.49419549107551575
loss in epoch 70 iteration 0: 0.5198699831962585
loss in epoch 70 iteration 100: 0.5172179937362671
loss in epoch 70 iteration 200: 0.47912153601646423
loss in epoch 70 iteration 300: 0.5235036015510559
loss in epoch 71 iteration 0: 0.43103283643722534
loss in epoch 71 iteration 100: 0.47445112466812134
loss in epoch 71 iteration 200: 0.4892116189002991
loss in epoch 71 iteration 300: 0.4935756325721741
loss in epoch 72 iteration 0: 0.4842582643032074
loss in epoch 72 iteration 100: 0.5022921562194824
loss in epoch 72 iteration 200: 0.5700793862342834
loss in epoch 72 iteration 300: 0.44519519805908203
loss in epoch 73 iteration 0: 0.4682570993900299
loss in epoch 73 iteration 100: 0.572872519493103
loss in epoch 73 iteration 200: 0.5306885242462158
loss in epoch 73 iteration 300: 0.49816325306892395
loss in epoch 74 iteration 0: 0.38236939907073975
loss in epoch 74 iteration 100: 0.46422892808914185
loss in epoch 74 iteration 200: 0.44829750061035156
loss in epoch 74 iteration 300: 0.5255429744720459
loss in epoch 75 iteration 0: 0.5474690198898315
loss in epoch 75 iteration 100: 0.4899253249168396
loss in epoch 75 iteration 200: 0.45549333095550537
loss in epoch 75 iteration 300: 0.4471972584724426
loss in epoch 76 iteration 0: 0.42776915431022644
loss in epoch 76 iteration 100: 0.4470694661140442
loss in epoch 76 iteration 200: 0.5132472515106201
loss in epoch 76 iteration 300: 0.4954518675804138
loss in epoch 77 iteration 0: 0.43068158626556396
loss in epoch 77 iteration 100: 0.49095675349235535
loss in epoch 77 iteration 200: 0.4732136130332947
loss in epoch 77 iteration 300: 0.49909454584121704
loss in epoch 78 iteration 0: 0.5198054313659668
loss in epoch 78 iteration 100: 0.5179411768913269
loss in epoch 78 iteration 200: 0.47700250148773193
loss in epoch 78 iteration 300: 0.48373323678970337
loss in epoch 79 iteration 0: 0.43060892820358276
loss in epoch 79 iteration 100: 0.46552443504333496
loss in epoch 79 iteration 200: 0.45668426156044006
loss in epoch 79 iteration 300: 0.5015450119972229
loss in epoch 80 iteration 0: 0.4606172442436218
loss in epoch 80 iteration 100: 0.4971272945404053
loss in epoch 80 iteration 200: 0.4923000931739807
loss in epoch 80 iteration 300: 0.46248966455459595
Evaluating........................................................................................................................................................................................................

epoch:80, time: 1427.236409(s), valid (NDCG@10: 0.3469, HR@10: 0.5645), test (NDCG@10: 0.1632, HR@10: 0.1632)
(0.34688644357249165, 0.5645) (0.1632, 0.1632)

loss in epoch 81 iteration 0: 0.4849966764450073
loss in epoch 81 iteration 100: 0.5681429505348206
loss in epoch 81 iteration 200: 0.46050259470939636
loss in epoch 81 iteration 300: 0.43493613600730896
loss in epoch 82 iteration 0: 0.4568028450012207
loss in epoch 82 iteration 100: 0.43889209628105164
loss in epoch 82 iteration 200: 0.47267207503318787
loss in epoch 82 iteration 300: 0.46957555413246155
loss in epoch 83 iteration 0: 0.4775489568710327
loss in epoch 83 iteration 100: 0.5020883083343506
loss in epoch 83 iteration 200: 0.47019392251968384
loss in epoch 83 iteration 300: 0.42368167638778687
loss in epoch 84 iteration 0: 0.4136081337928772
loss in epoch 84 iteration 100: 0.5014768242835999
loss in epoch 84 iteration 200: 0.4763888120651245
loss in epoch 84 iteration 300: 0.49173757433891296
loss in epoch 85 iteration 0: 0.4157743453979492
loss in epoch 85 iteration 100: 0.44468414783477783
loss in epoch 85 iteration 200: 0.45732173323631287
loss in epoch 85 iteration 300: 0.49777162075042725
loss in epoch 86 iteration 0: 0.49050819873809814
loss in epoch 86 iteration 100: 0.43905365467071533
loss in epoch 86 iteration 200: 0.4905644953250885
loss in epoch 86 iteration 300: 0.41001448035240173
loss in epoch 87 iteration 0: 0.49473923444747925
loss in epoch 87 iteration 100: 0.4853561818599701
loss in epoch 87 iteration 200: 0.46357136964797974
loss in epoch 87 iteration 300: 0.43706202507019043
loss in epoch 88 iteration 0: 0.5279428362846375
loss in epoch 88 iteration 100: 0.49146080017089844
loss in epoch 88 iteration 200: 0.4854363799095154
loss in epoch 88 iteration 300: 0.49449673295021057
loss in epoch 89 iteration 0: 0.5261706709861755
loss in epoch 89 iteration 100: 0.43826496601104736
loss in epoch 89 iteration 200: 0.4579707682132721
loss in epoch 89 iteration 300: 0.47470754384994507
loss in epoch 90 iteration 0: 0.40728288888931274
loss in epoch 90 iteration 100: 0.4625873863697052
loss in epoch 90 iteration 200: 0.5125260353088379
loss in epoch 90 iteration 300: 0.44333767890930176
loss in epoch 91 iteration 0: 0.4614367187023163
loss in epoch 91 iteration 100: 0.4500659108161926
loss in epoch 91 iteration 200: 0.45748430490493774
loss in epoch 91 iteration 300: 0.5065621137619019
loss in epoch 92 iteration 0: 0.3790966868400574
loss in epoch 92 iteration 100: 0.4757426679134369
loss in epoch 92 iteration 200: 0.4847312569618225
loss in epoch 92 iteration 300: 0.4701102375984192
loss in epoch 93 iteration 0: 0.421897828578949
loss in epoch 93 iteration 100: 0.45526832342147827
loss in epoch 93 iteration 200: 0.43615543842315674
loss in epoch 93 iteration 300: 0.49328386783599854
loss in epoch 94 iteration 0: 0.442512571811676
loss in epoch 94 iteration 100: 0.5211091637611389
loss in epoch 94 iteration 200: 0.43005919456481934
loss in epoch 94 iteration 300: 0.495819091796875
loss in epoch 95 iteration 0: 0.4667671322822571
loss in epoch 95 iteration 100: 0.43658262491226196
loss in epoch 95 iteration 200: 0.43191438913345337
loss in epoch 95 iteration 300: 0.4854047894477844
loss in epoch 96 iteration 0: 0.4096083343029022
loss in epoch 96 iteration 100: 0.42429104447364807
loss in epoch 96 iteration 200: 0.5305941104888916
loss in epoch 96 iteration 300: 0.4369351267814636
loss in epoch 97 iteration 0: 0.48001575469970703
loss in epoch 97 iteration 100: 0.4242693781852722
loss in epoch 97 iteration 200: 0.4626743197441101
loss in epoch 97 iteration 300: 0.4038405418395996
loss in epoch 98 iteration 0: 0.46225810050964355
loss in epoch 98 iteration 100: 0.4471074044704437
loss in epoch 98 iteration 200: 0.44111502170562744
loss in epoch 98 iteration 300: 0.4262181222438812
loss in epoch 99 iteration 0: 0.3756069540977478
loss in epoch 99 iteration 100: 0.5484522581100464
loss in epoch 99 iteration 200: 0.4382876753807068
loss in epoch 99 iteration 300: 0.47233790159225464
loss in epoch 100 iteration 0: 0.4594971537590027
loss in epoch 100 iteration 100: 0.49615001678466797
loss in epoch 100 iteration 200: 0.43622028827667236
loss in epoch 100 iteration 300: 0.4005272686481476
Evaluating........................................................................................................................................................................................................

epoch:100, time: 1735.610393(s), valid (NDCG@10: 0.3481, HR@10: 0.5625), test (NDCG@10: 0.1566, HR@10: 0.1566)
(0.348123241394568, 0.5625) (0.1566, 0.1566)

loss in epoch 101 iteration 0: 0.4540257453918457
loss in epoch 101 iteration 100: 0.3770917057991028
loss in epoch 101 iteration 200: 0.44225195050239563
loss in epoch 101 iteration 300: 0.44608187675476074
loss in epoch 102 iteration 0: 0.42547807097435
loss in epoch 102 iteration 100: 0.3981304168701172
loss in epoch 102 iteration 200: 0.46398425102233887
loss in epoch 102 iteration 300: 0.4453699588775635
loss in epoch 103 iteration 0: 0.5067303776741028
loss in epoch 103 iteration 100: 0.5249010920524597
loss in epoch 103 iteration 200: 0.4284107983112335
loss in epoch 103 iteration 300: 0.4242812991142273
loss in epoch 104 iteration 0: 0.43087416887283325
loss in epoch 104 iteration 100: 0.4019230306148529
loss in epoch 104 iteration 200: 0.4435795247554779
loss in epoch 104 iteration 300: 0.44571036100387573
loss in epoch 105 iteration 0: 0.4659857153892517
loss in epoch 105 iteration 100: 0.4531962275505066
loss in epoch 105 iteration 200: 0.43638062477111816
loss in epoch 105 iteration 300: 0.4261428117752075
loss in epoch 106 iteration 0: 0.5161504745483398
loss in epoch 106 iteration 100: 0.4401445686817169
loss in epoch 106 iteration 200: 0.4824499189853668
loss in epoch 106 iteration 300: 0.4579053521156311
loss in epoch 107 iteration 0: 0.41844263672828674
loss in epoch 107 iteration 100: 0.5412066578865051
loss in epoch 107 iteration 200: 0.5201222896575928
loss in epoch 107 iteration 300: 0.4881111979484558
loss in epoch 108 iteration 0: 0.48111096024513245
loss in epoch 108 iteration 100: 0.45583096146583557
loss in epoch 108 iteration 200: 0.49039769172668457
loss in epoch 108 iteration 300: 0.471301794052124
loss in epoch 109 iteration 0: 0.3988564908504486
loss in epoch 109 iteration 100: 0.3636806607246399
loss in epoch 109 iteration 200: 0.4916892945766449
loss in epoch 109 iteration 300: 0.4238935708999634
loss in epoch 110 iteration 0: 0.5078474879264832
loss in epoch 110 iteration 100: 0.5050708055496216
loss in epoch 110 iteration 200: 0.4189138114452362
loss in epoch 110 iteration 300: 0.47055503726005554
loss in epoch 111 iteration 0: 0.43485912680625916
loss in epoch 111 iteration 100: 0.44536325335502625
loss in epoch 111 iteration 200: 0.4307953715324402
loss in epoch 111 iteration 300: 0.45489972829818726
loss in epoch 112 iteration 0: 0.41496989130973816
loss in epoch 112 iteration 100: 0.45071732997894287
loss in epoch 112 iteration 200: 0.49169161915779114
loss in epoch 112 iteration 300: 0.4593673348426819
loss in epoch 113 iteration 0: 0.43815088272094727
loss in epoch 113 iteration 100: 0.4467161297798157
loss in epoch 113 iteration 200: 0.46904897689819336
loss in epoch 113 iteration 300: 0.4853505492210388
loss in epoch 114 iteration 0: 0.42539846897125244
loss in epoch 114 iteration 100: 0.42966970801353455
loss in epoch 114 iteration 200: 0.43397191166877747
loss in epoch 114 iteration 300: 0.3903622031211853
loss in epoch 115 iteration 0: 0.4089777171611786
loss in epoch 115 iteration 100: 0.4483364224433899
loss in epoch 115 iteration 200: 0.4470527470111847
loss in epoch 115 iteration 300: 0.45973390340805054
loss in epoch 116 iteration 0: 0.4237685203552246
loss in epoch 116 iteration 100: 0.49818724393844604
loss in epoch 116 iteration 200: 0.4538220167160034
loss in epoch 116 iteration 300: 0.4190289080142975
loss in epoch 117 iteration 0: 0.4241791367530823
loss in epoch 117 iteration 100: 0.4737127721309662
loss in epoch 117 iteration 200: 0.42070865631103516
loss in epoch 117 iteration 300: 0.3767293691635132
loss in epoch 118 iteration 0: 0.45434290170669556
loss in epoch 118 iteration 100: 0.4558990001678467
loss in epoch 118 iteration 200: 0.4513919949531555
loss in epoch 118 iteration 300: 0.4870426058769226
loss in epoch 119 iteration 0: 0.37846195697784424
loss in epoch 119 iteration 100: 0.4746018052101135
loss in epoch 119 iteration 200: 0.41671228408813477
loss in epoch 119 iteration 300: 0.4139856696128845
loss in epoch 120 iteration 0: 0.48062464594841003
loss in epoch 120 iteration 100: 0.4033356308937073
loss in epoch 120 iteration 200: 0.4639992117881775
loss in epoch 120 iteration 300: 0.43080204725265503
Evaluating........................................................................................................................................................................................................

epoch:120, time: 2037.176391(s), valid (NDCG@10: 0.3500, HR@10: 0.5637), test (NDCG@10: 0.1633, HR@10: 0.1633)
(0.34996388041867027, 0.5637) (0.1633, 0.1633)

loss in epoch 121 iteration 0: 0.4141438603401184
loss in epoch 121 iteration 100: 0.4195680320262909
loss in epoch 121 iteration 200: 0.41076189279556274
loss in epoch 121 iteration 300: 0.4419443607330322
loss in epoch 122 iteration 0: 0.43747541308403015
loss in epoch 122 iteration 100: 0.44114750623703003
loss in epoch 122 iteration 200: 0.4479023218154907
loss in epoch 122 iteration 300: 0.45415395498275757
loss in epoch 123 iteration 0: 0.4782637357711792
loss in epoch 123 iteration 100: 0.4290153384208679
loss in epoch 123 iteration 200: 0.3992329239845276
loss in epoch 123 iteration 300: 0.4107993245124817
loss in epoch 124 iteration 0: 0.4287750720977783
loss in epoch 124 iteration 100: 0.4376145005226135
loss in epoch 124 iteration 200: 0.42952460050582886
loss in epoch 124 iteration 300: 0.4569282829761505
loss in epoch 125 iteration 0: 0.4334537386894226
loss in epoch 125 iteration 100: 0.44764626026153564
loss in epoch 125 iteration 200: 0.44118446111679077
loss in epoch 125 iteration 300: 0.4598826766014099
loss in epoch 126 iteration 0: 0.41712048649787903
loss in epoch 126 iteration 100: 0.5332343578338623
loss in epoch 126 iteration 200: 0.39079099893569946
loss in epoch 126 iteration 300: 0.4261707067489624
loss in epoch 127 iteration 0: 0.4326227903366089
loss in epoch 127 iteration 100: 0.37973934412002563
loss in epoch 127 iteration 200: 0.45317941904067993
loss in epoch 127 iteration 300: 0.3830633759498596
loss in epoch 128 iteration 0: 0.47836965322494507
loss in epoch 128 iteration 100: 0.39405936002731323
loss in epoch 128 iteration 200: 0.43984341621398926
loss in epoch 128 iteration 300: 0.4047986567020416
loss in epoch 129 iteration 0: 0.44733521342277527
loss in epoch 129 iteration 100: 0.4408619701862335
loss in epoch 129 iteration 200: 0.43043825030326843
loss in epoch 129 iteration 300: 0.40791085362434387
loss in epoch 130 iteration 0: 0.34292227029800415
loss in epoch 130 iteration 100: 0.44742199778556824
loss in epoch 130 iteration 200: 0.4287051558494568
loss in epoch 130 iteration 300: 0.42780667543411255
loss in epoch 131 iteration 0: 0.4080085754394531
loss in epoch 131 iteration 100: 0.40244370698928833
loss in epoch 131 iteration 200: 0.4604337811470032
loss in epoch 131 iteration 300: 0.393799364566803
loss in epoch 132 iteration 0: 0.3993053436279297
loss in epoch 132 iteration 100: 0.39997416734695435
loss in epoch 132 iteration 200: 0.44935786724090576
loss in epoch 132 iteration 300: 0.4193817675113678
loss in epoch 133 iteration 0: 0.4157952070236206
loss in epoch 133 iteration 100: 0.39195913076400757
loss in epoch 133 iteration 200: 0.39316046237945557
loss in epoch 133 iteration 300: 0.4522315263748169
loss in epoch 134 iteration 0: 0.41002020239830017
loss in epoch 134 iteration 100: 0.4407186508178711
loss in epoch 134 iteration 200: 0.4587269425392151
loss in epoch 134 iteration 300: 0.41098207235336304
loss in epoch 135 iteration 0: 0.4313493072986603
loss in epoch 135 iteration 100: 0.42036551237106323
loss in epoch 135 iteration 200: 0.4670965075492859
loss in epoch 135 iteration 300: 0.4201686978340149
loss in epoch 136 iteration 0: 0.377433717250824
loss in epoch 136 iteration 100: 0.3966497778892517
loss in epoch 136 iteration 200: 0.4102001190185547
loss in epoch 136 iteration 300: 0.3964672088623047
loss in epoch 137 iteration 0: 0.42466220259666443
loss in epoch 137 iteration 100: 0.3610011637210846
loss in epoch 137 iteration 200: 0.42366451025009155
loss in epoch 137 iteration 300: 0.4578735828399658
loss in epoch 138 iteration 0: 0.45053571462631226
loss in epoch 138 iteration 100: 0.47139906883239746
loss in epoch 138 iteration 200: 0.44644734263420105
loss in epoch 138 iteration 300: 0.46498429775238037
loss in epoch 139 iteration 0: 0.3975423276424408
loss in epoch 139 iteration 100: 0.46519964933395386
loss in epoch 139 iteration 200: 0.5015390515327454
loss in epoch 139 iteration 300: 0.4390062093734741
loss in epoch 140 iteration 0: 0.40606582164764404
loss in epoch 140 iteration 100: 0.41888803243637085
loss in epoch 140 iteration 200: 0.4557439684867859
loss in epoch 140 iteration 300: 0.4274837374687195
Evaluating........................................................................................................................................................................................................

epoch:140, time: 2361.218426(s), valid (NDCG@10: 0.3601, HR@10: 0.5727), test (NDCG@10: 0.1646, HR@10: 0.1646)
(0.3601389094011429, 0.5727) (0.1646, 0.1646)

loss in epoch 141 iteration 0: 0.4668416678905487
loss in epoch 141 iteration 100: 0.36249154806137085
loss in epoch 141 iteration 200: 0.39983534812927246
loss in epoch 141 iteration 300: 0.4510957598686218
loss in epoch 142 iteration 0: 0.3902173638343811
loss in epoch 142 iteration 100: 0.4799284338951111
loss in epoch 142 iteration 200: 0.3972918391227722
loss in epoch 142 iteration 300: 0.37182602286338806
loss in epoch 143 iteration 0: 0.44757401943206787
loss in epoch 143 iteration 100: 0.4023490846157074
loss in epoch 143 iteration 200: 0.368644118309021
loss in epoch 143 iteration 300: 0.4383167624473572
loss in epoch 144 iteration 0: 0.37392479181289673
loss in epoch 144 iteration 100: 0.44360530376434326
loss in epoch 144 iteration 200: 0.34810662269592285
loss in epoch 144 iteration 300: 0.40820035338401794
loss in epoch 145 iteration 0: 0.45365071296691895
loss in epoch 145 iteration 100: 0.42679187655448914
loss in epoch 145 iteration 200: 0.3921050727367401
loss in epoch 145 iteration 300: 0.4101557433605194
loss in epoch 146 iteration 0: 0.40547260642051697
loss in epoch 146 iteration 100: 0.5238530039787292
loss in epoch 146 iteration 200: 0.38134464621543884
loss in epoch 146 iteration 300: 0.35982435941696167
loss in epoch 147 iteration 0: 0.4313717782497406
loss in epoch 147 iteration 100: 0.47821658849716187
loss in epoch 147 iteration 200: 0.4212457537651062
loss in epoch 147 iteration 300: 0.40958765149116516
loss in epoch 148 iteration 0: 0.3935549259185791
loss in epoch 148 iteration 100: 0.4423986077308655
loss in epoch 148 iteration 200: 0.4164965748786926
loss in epoch 148 iteration 300: 0.44015225768089294
loss in epoch 149 iteration 0: 0.40083879232406616
loss in epoch 149 iteration 100: 0.40816232562065125
loss in epoch 149 iteration 200: 0.4170992970466614
loss in epoch 149 iteration 300: 0.3529307544231415
loss in epoch 150 iteration 0: 0.47472715377807617
loss in epoch 150 iteration 100: 0.44258108735084534
loss in epoch 150 iteration 200: 0.4594002962112427
loss in epoch 150 iteration 300: 0.3734046220779419
loss in epoch 151 iteration 0: 0.4526354670524597
loss in epoch 151 iteration 100: 0.39526087045669556
loss in epoch 151 iteration 200: 0.40182626247406006
loss in epoch 151 iteration 300: 0.34861502051353455
loss in epoch 152 iteration 0: 0.3576412498950958
loss in epoch 152 iteration 100: 0.37590914964675903
loss in epoch 152 iteration 200: 0.4038733243942261
loss in epoch 152 iteration 300: 0.44444864988327026
loss in epoch 153 iteration 0: 0.43984583020210266
loss in epoch 153 iteration 100: 0.42095452547073364
loss in epoch 153 iteration 200: 0.48973286151885986
loss in epoch 153 iteration 300: 0.4092593789100647
loss in epoch 154 iteration 0: 0.35355567932128906
loss in epoch 154 iteration 100: 0.37455683946609497
loss in epoch 154 iteration 200: 0.443179190158844
loss in epoch 154 iteration 300: 0.3923155665397644
loss in epoch 155 iteration 0: 0.4190889596939087
loss in epoch 155 iteration 100: 0.385958194732666
loss in epoch 155 iteration 200: 0.35611480474472046
loss in epoch 155 iteration 300: 0.42887067794799805
loss in epoch 156 iteration 0: 0.41209644079208374
loss in epoch 156 iteration 100: 0.43727660179138184
loss in epoch 156 iteration 200: 0.37144964933395386
loss in epoch 156 iteration 300: 0.41341590881347656
loss in epoch 157 iteration 0: 0.4350580871105194
loss in epoch 157 iteration 100: 0.41816195845603943
loss in epoch 157 iteration 200: 0.4167557656764984
loss in epoch 157 iteration 300: 0.44542911648750305
loss in epoch 158 iteration 0: 0.4040078818798065
loss in epoch 158 iteration 100: 0.3850540816783905
loss in epoch 158 iteration 200: 0.4387888014316559
loss in epoch 158 iteration 300: 0.4150696396827698
loss in epoch 159 iteration 0: 0.3916022777557373
loss in epoch 159 iteration 100: 0.3866744637489319
loss in epoch 159 iteration 200: 0.3858904242515564
loss in epoch 159 iteration 300: 0.4008080065250397
loss in epoch 160 iteration 0: 0.3925977349281311
loss in epoch 160 iteration 100: 0.41013288497924805
loss in epoch 160 iteration 200: 0.4156702160835266
loss in epoch 160 iteration 300: 0.45120328664779663
Evaluating........................................................................................................................................................................................................

epoch:160, time: 2762.617320(s), valid (NDCG@10: 0.3539, HR@10: 0.5655), test (NDCG@10: 0.1643, HR@10: 0.1643)
(0.35391040295672965, 0.5655) (0.1643, 0.1643)

loss in epoch 161 iteration 0: 0.38516104221343994
loss in epoch 161 iteration 100: 0.4254477024078369
loss in epoch 161 iteration 200: 0.4729189872741699
loss in epoch 161 iteration 300: 0.40237510204315186
loss in epoch 162 iteration 0: 0.4154602289199829
loss in epoch 162 iteration 100: 0.4192269444465637
loss in epoch 162 iteration 200: 0.40335750579833984
loss in epoch 162 iteration 300: 0.4072551727294922
loss in epoch 163 iteration 0: 0.4090805649757385
loss in epoch 163 iteration 100: 0.376533567905426
loss in epoch 163 iteration 200: 0.42543819546699524
loss in epoch 163 iteration 300: 0.47607308626174927
loss in epoch 164 iteration 0: 0.40724650025367737
loss in epoch 164 iteration 100: 0.43904680013656616
loss in epoch 164 iteration 200: 0.5261284708976746
loss in epoch 164 iteration 300: 0.45611006021499634
loss in epoch 165 iteration 0: 0.38606441020965576
loss in epoch 165 iteration 100: 0.4122898578643799
loss in epoch 165 iteration 200: 0.36924928426742554
loss in epoch 165 iteration 300: 0.42016348242759705
loss in epoch 166 iteration 0: 0.3684757649898529
loss in epoch 166 iteration 100: 0.40455976128578186
loss in epoch 166 iteration 200: 0.42884504795074463
loss in epoch 166 iteration 300: 0.35409238934516907
loss in epoch 167 iteration 0: 0.40241122245788574
loss in epoch 167 iteration 100: 0.4071897864341736
loss in epoch 167 iteration 200: 0.37961283326148987
loss in epoch 167 iteration 300: 0.43537890911102295
loss in epoch 168 iteration 0: 0.42880070209503174
loss in epoch 168 iteration 100: 0.36474907398223877
loss in epoch 168 iteration 200: 0.42274272441864014
loss in epoch 168 iteration 300: 0.3974670171737671
loss in epoch 169 iteration 0: 0.38577383756637573
loss in epoch 169 iteration 100: 0.38577550649642944
loss in epoch 169 iteration 200: 0.39636218547821045
loss in epoch 169 iteration 300: 0.4483839273452759
loss in epoch 170 iteration 0: 0.35739243030548096
loss in epoch 170 iteration 100: 0.4412320554256439
loss in epoch 170 iteration 200: 0.40152281522750854
loss in epoch 170 iteration 300: 0.4080766439437866
loss in epoch 171 iteration 0: 0.40765199065208435
loss in epoch 171 iteration 100: 0.4379507005214691
loss in epoch 171 iteration 200: 0.4040055274963379
loss in epoch 171 iteration 300: 0.3578779995441437
loss in epoch 172 iteration 0: 0.45765674114227295
loss in epoch 172 iteration 100: 0.41747674345970154
loss in epoch 172 iteration 200: 0.4531901478767395
loss in epoch 172 iteration 300: 0.3922575116157532
loss in epoch 173 iteration 0: 0.351065993309021
loss in epoch 173 iteration 100: 0.4258483648300171
loss in epoch 173 iteration 200: 0.4312511682510376
loss in epoch 173 iteration 300: 0.41443943977355957
loss in epoch 174 iteration 0: 0.39560216665267944
loss in epoch 174 iteration 100: 0.4022029638290405
loss in epoch 174 iteration 200: 0.41011691093444824
loss in epoch 174 iteration 300: 0.408782422542572
loss in epoch 175 iteration 0: 0.4521423578262329
loss in epoch 175 iteration 100: 0.4173225164413452
loss in epoch 175 iteration 200: 0.4274766445159912
loss in epoch 175 iteration 300: 0.42479532957077026
loss in epoch 176 iteration 0: 0.42439377307891846
loss in epoch 176 iteration 100: 0.36895930767059326
loss in epoch 176 iteration 200: 0.4411425292491913
loss in epoch 176 iteration 300: 0.38636016845703125
loss in epoch 177 iteration 0: 0.45981520414352417
loss in epoch 177 iteration 100: 0.391928493976593
loss in epoch 177 iteration 200: 0.3725529909133911
loss in epoch 177 iteration 300: 0.4123622179031372
loss in epoch 178 iteration 0: 0.4793952405452728
loss in epoch 178 iteration 100: 0.36417078971862793
loss in epoch 178 iteration 200: 0.4120820164680481
loss in epoch 178 iteration 300: 0.3535038232803345
loss in epoch 179 iteration 0: 0.38554078340530396
loss in epoch 179 iteration 100: 0.4308356046676636
loss in epoch 179 iteration 200: 0.33389416337013245
loss in epoch 179 iteration 300: 0.3922823965549469
loss in epoch 180 iteration 0: 0.3658318519592285
loss in epoch 180 iteration 100: 0.4613574743270874
loss in epoch 180 iteration 200: 0.4298757314682007
loss in epoch 180 iteration 300: 0.44399935007095337
Evaluating........................................................................................................................................................................................................

epoch:180, time: 3105.042051(s), valid (NDCG@10: 0.3509, HR@10: 0.5621), test (NDCG@10: 0.1549, HR@10: 0.1549)
(0.3509417531890349, 0.5621) (0.1549, 0.1549)

loss in epoch 181 iteration 0: 0.3894858956336975
loss in epoch 181 iteration 100: 0.39389437437057495
loss in epoch 181 iteration 200: 0.394611120223999
loss in epoch 181 iteration 300: 0.38798385858535767
loss in epoch 182 iteration 0: 0.3822188377380371
loss in epoch 182 iteration 100: 0.4104747772216797
loss in epoch 182 iteration 200: 0.3454711437225342
loss in epoch 182 iteration 300: 0.47745487093925476
loss in epoch 183 iteration 0: 0.42257723212242126
loss in epoch 183 iteration 100: 0.37821412086486816
loss in epoch 183 iteration 200: 0.40705400705337524
loss in epoch 183 iteration 300: 0.4231991171836853
loss in epoch 184 iteration 0: 0.38901078701019287
loss in epoch 184 iteration 100: 0.36253324151039124
loss in epoch 184 iteration 200: 0.3951405882835388
loss in epoch 184 iteration 300: 0.4048576056957245
loss in epoch 185 iteration 0: 0.4269997775554657
loss in epoch 185 iteration 100: 0.46052420139312744
loss in epoch 185 iteration 200: 0.3423013389110565
loss in epoch 185 iteration 300: 0.3869794011116028
loss in epoch 186 iteration 0: 0.4019398093223572
loss in epoch 186 iteration 100: 0.41733428835868835
loss in epoch 186 iteration 200: 0.3548078238964081
loss in epoch 186 iteration 300: 0.42004650831222534
loss in epoch 187 iteration 0: 0.4114295244216919
loss in epoch 187 iteration 100: 0.3857015073299408
loss in epoch 187 iteration 200: 0.37161314487457275
loss in epoch 187 iteration 300: 0.39561957120895386
loss in epoch 188 iteration 0: 0.4173237681388855
loss in epoch 188 iteration 100: 0.4353181719779968
loss in epoch 188 iteration 200: 0.3728587031364441
loss in epoch 188 iteration 300: 0.40303313732147217
loss in epoch 189 iteration 0: 0.4059046506881714
loss in epoch 189 iteration 100: 0.4236661195755005
loss in epoch 189 iteration 200: 0.37134963274002075
loss in epoch 189 iteration 300: 0.37313055992126465
loss in epoch 190 iteration 0: 0.40473443269729614
loss in epoch 190 iteration 100: 0.3945060074329376
loss in epoch 190 iteration 200: 0.3632267117500305
loss in epoch 190 iteration 300: 0.3891928195953369
loss in epoch 191 iteration 0: 0.40273284912109375
loss in epoch 191 iteration 100: 0.42416658997535706
loss in epoch 191 iteration 200: 0.3955334424972534
loss in epoch 191 iteration 300: 0.46492648124694824
loss in epoch 192 iteration 0: 0.3509342670440674
loss in epoch 192 iteration 100: 0.4361611306667328
loss in epoch 192 iteration 200: 0.42178457975387573
loss in epoch 192 iteration 300: 0.47981804609298706
loss in epoch 193 iteration 0: 0.4001341462135315
loss in epoch 193 iteration 100: 0.4107851982116699
loss in epoch 193 iteration 200: 0.41538381576538086
loss in epoch 193 iteration 300: 0.40516531467437744
loss in epoch 194 iteration 0: 0.41418588161468506
loss in epoch 194 iteration 100: 0.448890745639801
loss in epoch 194 iteration 200: 0.401908278465271
loss in epoch 194 iteration 300: 0.42241305112838745
loss in epoch 195 iteration 0: 0.34031206369400024
loss in epoch 195 iteration 100: 0.3936564028263092
loss in epoch 195 iteration 200: 0.4306612014770508
loss in epoch 195 iteration 300: 0.39395982027053833
loss in epoch 196 iteration 0: 0.3424631953239441
loss in epoch 196 iteration 100: 0.3870449662208557
loss in epoch 196 iteration 200: 0.309060662984848
loss in epoch 196 iteration 300: 0.42536354064941406
loss in epoch 197 iteration 0: 0.4463443458080292
loss in epoch 197 iteration 100: 0.4485824704170227
loss in epoch 197 iteration 200: 0.4216192364692688
loss in epoch 197 iteration 300: 0.40718385577201843
loss in epoch 198 iteration 0: 0.44182735681533813
loss in epoch 198 iteration 100: 0.4849717319011688
loss in epoch 198 iteration 200: 0.3995007872581482
loss in epoch 198 iteration 300: 0.4017685353755951
loss in epoch 199 iteration 0: 0.4766232967376709
loss in epoch 199 iteration 100: 0.39102429151535034
loss in epoch 199 iteration 200: 0.4651135206222534
loss in epoch 199 iteration 300: 0.40455472469329834
loss in epoch 200 iteration 0: 0.391218900680542
loss in epoch 200 iteration 100: 0.32620686292648315
loss in epoch 200 iteration 200: 0.4484032988548279
loss in epoch 200 iteration 300: 0.334084153175354
Evaluating........................................................................................................................................................................................................

epoch:200, time: 3478.960416(s), valid (NDCG@10: 0.3581, HR@10: 0.5697), test (NDCG@10: 0.1522, HR@10: 0.1522)
(0.3580702884879778, 0.5697) (0.1522, 0.1522)

Done
Time: 4093.989028453827
