user num: 50985 item num: 25848
average sequence length: 6.10
loss in epoch 1 iteration 0: 1.3861844539642334
loss in epoch 1 iteration 100: 1.308212399482727
loss in epoch 1 iteration 200: 1.2344744205474854
loss in epoch 1 iteration 300: 1.2202844619750977
loss in epoch 2 iteration 0: 1.1866741180419922
loss in epoch 2 iteration 100: 1.2393176555633545
loss in epoch 2 iteration 200: 1.1741600036621094
loss in epoch 2 iteration 300: 1.1538166999816895
loss in epoch 3 iteration 0: 1.1054043769836426
loss in epoch 3 iteration 100: 1.131387710571289
loss in epoch 3 iteration 200: 1.135218620300293
loss in epoch 3 iteration 300: 1.0714631080627441
loss in epoch 4 iteration 0: 1.0973608493804932
loss in epoch 4 iteration 100: 1.0172152519226074
loss in epoch 4 iteration 200: 1.0510303974151611
loss in epoch 4 iteration 300: 0.9532334208488464
loss in epoch 5 iteration 0: 1.0502279996871948
loss in epoch 5 iteration 100: 1.0073010921478271
loss in epoch 5 iteration 200: 0.9795035123825073
loss in epoch 5 iteration 300: 0.993877112865448
loss in epoch 6 iteration 0: 0.9474998116493225
loss in epoch 6 iteration 100: 0.9826755523681641
loss in epoch 6 iteration 200: 0.9757932424545288
loss in epoch 6 iteration 300: 1.011254072189331
loss in epoch 7 iteration 0: 0.927977442741394
loss in epoch 7 iteration 100: 0.876205563545227
loss in epoch 7 iteration 200: 0.906846284866333
loss in epoch 7 iteration 300: 0.9024907350540161
loss in epoch 8 iteration 0: 0.8740631341934204
loss in epoch 8 iteration 100: 0.9308821558952332
loss in epoch 8 iteration 200: 0.8114056587219238
loss in epoch 8 iteration 300: 0.8468315005302429
loss in epoch 9 iteration 0: 0.8849116563796997
loss in epoch 9 iteration 100: 0.8390491008758545
loss in epoch 9 iteration 200: 0.7968015670776367
loss in epoch 9 iteration 300: 0.7762100696563721
loss in epoch 10 iteration 0: 0.8349480628967285
loss in epoch 10 iteration 100: 0.7748963832855225
loss in epoch 10 iteration 200: 0.8078599572181702
loss in epoch 10 iteration 300: 0.789412260055542
loss in epoch 11 iteration 0: 0.8523796796798706
loss in epoch 11 iteration 100: 0.8486895561218262
loss in epoch 11 iteration 200: 0.791961669921875
loss in epoch 11 iteration 300: 0.8084726333618164
loss in epoch 12 iteration 0: 0.8122608661651611
loss in epoch 12 iteration 100: 0.8517972826957703
loss in epoch 12 iteration 200: 0.7858303189277649
loss in epoch 12 iteration 300: 0.7481246590614319
loss in epoch 13 iteration 0: 0.7918258905410767
loss in epoch 13 iteration 100: 0.7872543931007385
loss in epoch 13 iteration 200: 0.8012899160385132
loss in epoch 13 iteration 300: 0.7502331733703613
loss in epoch 14 iteration 0: 0.7791157960891724
loss in epoch 14 iteration 100: 0.7930682897567749
loss in epoch 14 iteration 200: 0.7488526105880737
loss in epoch 14 iteration 300: 0.7805049419403076
loss in epoch 15 iteration 0: 0.7182691097259521
loss in epoch 15 iteration 100: 0.7396248579025269
loss in epoch 15 iteration 200: 0.6776399612426758
loss in epoch 15 iteration 300: 0.7085464000701904
loss in epoch 16 iteration 0: 0.7942854166030884
loss in epoch 16 iteration 100: 0.7312878370285034
loss in epoch 16 iteration 200: 0.7723493576049805
loss in epoch 16 iteration 300: 0.7443182468414307
loss in epoch 17 iteration 0: 0.671920120716095
loss in epoch 17 iteration 100: 0.746330976486206
loss in epoch 17 iteration 200: 0.7530380487442017
loss in epoch 17 iteration 300: 0.7616758346557617
loss in epoch 18 iteration 0: 0.7180669903755188
loss in epoch 18 iteration 100: 0.7417072057723999
loss in epoch 18 iteration 200: 0.7344487309455872
loss in epoch 18 iteration 300: 0.6789143681526184
loss in epoch 19 iteration 0: 0.7461153268814087
loss in epoch 19 iteration 100: 0.731794536113739
loss in epoch 19 iteration 200: 0.7598769664764404
loss in epoch 19 iteration 300: 0.718558132648468
loss in epoch 20 iteration 0: 0.6340328454971313
loss in epoch 20 iteration 100: 0.6743103265762329
loss in epoch 20 iteration 200: 0.6736322641372681
loss in epoch 20 iteration 300: 0.659905195236206
Evaluating........................................................................................................................................................................................................

epoch:20, time: 259.889722(s), valid (NDCG@10: 0.3314, HR@10: 0.5443), test (NDCG@10: 0.1500, HR@10: 0.1500)
(0.3314248933887561, 0.5443) (0.15, 0.15)

loss in epoch 21 iteration 0: 0.637264609336853
loss in epoch 21 iteration 100: 0.6584907174110413
loss in epoch 21 iteration 200: 0.7198636531829834
loss in epoch 21 iteration 300: 0.7295928597450256
loss in epoch 22 iteration 0: 0.7230362296104431
loss in epoch 22 iteration 100: 0.6942332983016968
loss in epoch 22 iteration 200: 0.6532357931137085
loss in epoch 22 iteration 300: 0.6518644094467163
loss in epoch 23 iteration 0: 0.6123636960983276
loss in epoch 23 iteration 100: 0.6418836116790771
loss in epoch 23 iteration 200: 0.6553659439086914
loss in epoch 23 iteration 300: 0.6875349283218384
loss in epoch 24 iteration 0: 0.6543810963630676
loss in epoch 24 iteration 100: 0.6130788326263428
loss in epoch 24 iteration 200: 0.6499700546264648
loss in epoch 24 iteration 300: 0.7256655693054199
loss in epoch 25 iteration 0: 0.7279932498931885
loss in epoch 25 iteration 100: 0.6847789287567139
loss in epoch 25 iteration 200: 0.6802446842193604
loss in epoch 25 iteration 300: 0.6493840217590332
loss in epoch 26 iteration 0: 0.6173766255378723
loss in epoch 26 iteration 100: 0.62907874584198
loss in epoch 26 iteration 200: 0.6696138381958008
loss in epoch 26 iteration 300: 0.5818878412246704
loss in epoch 27 iteration 0: 0.6071608066558838
loss in epoch 27 iteration 100: 0.6835299730300903
loss in epoch 27 iteration 200: 0.644333004951477
loss in epoch 27 iteration 300: 0.6139245629310608
loss in epoch 28 iteration 0: 0.6318678855895996
loss in epoch 28 iteration 100: 0.6099961996078491
loss in epoch 28 iteration 200: 0.671769917011261
loss in epoch 28 iteration 300: 0.6411237716674805
loss in epoch 29 iteration 0: 0.5468489527702332
loss in epoch 29 iteration 100: 0.6062933206558228
loss in epoch 29 iteration 200: 0.6163961887359619
loss in epoch 29 iteration 300: 0.655325710773468
loss in epoch 30 iteration 0: 0.5936055779457092
loss in epoch 30 iteration 100: 0.6845794916152954
loss in epoch 30 iteration 200: 0.6489128470420837
loss in epoch 30 iteration 300: 0.625419020652771
loss in epoch 31 iteration 0: 0.600129246711731
loss in epoch 31 iteration 100: 0.5140146017074585
loss in epoch 31 iteration 200: 0.5428234338760376
loss in epoch 31 iteration 300: 0.6320804357528687
loss in epoch 32 iteration 0: 0.6206467747688293
loss in epoch 32 iteration 100: 0.5738390684127808
loss in epoch 32 iteration 200: 0.6102765798568726
loss in epoch 32 iteration 300: 0.6049643158912659
loss in epoch 33 iteration 0: 0.5897089242935181
loss in epoch 33 iteration 100: 0.5897752046585083
loss in epoch 33 iteration 200: 0.5749020576477051
loss in epoch 33 iteration 300: 0.5566549301147461
loss in epoch 34 iteration 0: 0.5451793074607849
loss in epoch 34 iteration 100: 0.6073044538497925
loss in epoch 34 iteration 200: 0.6360233426094055
loss in epoch 34 iteration 300: 0.5831676125526428
loss in epoch 35 iteration 0: 0.6255987882614136
loss in epoch 35 iteration 100: 0.5867030620574951
loss in epoch 35 iteration 200: 0.5813306570053101
loss in epoch 35 iteration 300: 0.6106425523757935
loss in epoch 36 iteration 0: 0.550112783908844
loss in epoch 36 iteration 100: 0.5417211055755615
loss in epoch 36 iteration 200: 0.5985016822814941
loss in epoch 36 iteration 300: 0.5773839950561523
loss in epoch 37 iteration 0: 0.5659593343734741
loss in epoch 37 iteration 100: 0.5551753640174866
loss in epoch 37 iteration 200: 0.582343578338623
loss in epoch 37 iteration 300: 0.5658121705055237
loss in epoch 38 iteration 0: 0.5899568796157837
loss in epoch 38 iteration 100: 0.5721513032913208
loss in epoch 38 iteration 200: 0.5692785978317261
loss in epoch 38 iteration 300: 0.5668354034423828
loss in epoch 39 iteration 0: 0.5432748794555664
loss in epoch 39 iteration 100: 0.5579763650894165
loss in epoch 39 iteration 200: 0.5178277492523193
loss in epoch 39 iteration 300: 0.5671398639678955
loss in epoch 40 iteration 0: 0.5569327473640442
loss in epoch 40 iteration 100: 0.5689184069633484
loss in epoch 40 iteration 200: 0.6574901938438416
loss in epoch 40 iteration 300: 0.5665739178657532
Evaluating........................................................................................................................................................................................................

epoch:40, time: 375.509791(s), valid (NDCG@10: 0.3397, HR@10: 0.5528), test (NDCG@10: 0.1554, HR@10: 0.1554)
(0.3396507115762639, 0.5528) (0.1554, 0.1554)

loss in epoch 41 iteration 0: 0.4921736717224121
loss in epoch 41 iteration 100: 0.6081727743148804
loss in epoch 41 iteration 200: 0.6201430559158325
loss in epoch 41 iteration 300: 0.5653249025344849
loss in epoch 42 iteration 0: 0.5195127129554749
loss in epoch 42 iteration 100: 0.5488848090171814
loss in epoch 42 iteration 200: 0.5009775161743164
loss in epoch 42 iteration 300: 0.49648064374923706
loss in epoch 43 iteration 0: 0.5957281589508057
loss in epoch 43 iteration 100: 0.5098013877868652
loss in epoch 43 iteration 200: 0.5429418087005615
loss in epoch 43 iteration 300: 0.5317941308021545
loss in epoch 44 iteration 0: 0.4791436195373535
loss in epoch 44 iteration 100: 0.5663719177246094
loss in epoch 44 iteration 200: 0.5872199535369873
loss in epoch 44 iteration 300: 0.549778401851654
loss in epoch 45 iteration 0: 0.5597676634788513
loss in epoch 45 iteration 100: 0.55348801612854
loss in epoch 45 iteration 200: 0.5433176755905151
loss in epoch 45 iteration 300: 0.4872640371322632
loss in epoch 46 iteration 0: 0.4817831516265869
loss in epoch 46 iteration 100: 0.5312575101852417
loss in epoch 46 iteration 200: 0.539713978767395
loss in epoch 46 iteration 300: 0.5449150800704956
loss in epoch 47 iteration 0: 0.513576328754425
loss in epoch 47 iteration 100: 0.5828289985656738
loss in epoch 47 iteration 200: 0.510688841342926
loss in epoch 47 iteration 300: 0.5287574529647827
loss in epoch 48 iteration 0: 0.5711186528205872
loss in epoch 48 iteration 100: 0.5575076937675476
loss in epoch 48 iteration 200: 0.5670027732849121
loss in epoch 48 iteration 300: 0.5313947200775146
loss in epoch 49 iteration 0: 0.48471134901046753
loss in epoch 49 iteration 100: 0.5484704375267029
loss in epoch 49 iteration 200: 0.5104348659515381
loss in epoch 49 iteration 300: 0.5151398777961731
loss in epoch 50 iteration 0: 0.537356972694397
loss in epoch 50 iteration 100: 0.530295729637146
loss in epoch 50 iteration 200: 0.5392507314682007
loss in epoch 50 iteration 300: 0.5023124814033508
loss in epoch 51 iteration 0: 0.5329314470291138
loss in epoch 51 iteration 100: 0.5662552714347839
loss in epoch 51 iteration 200: 0.557245135307312
loss in epoch 51 iteration 300: 0.5118991136550903
loss in epoch 52 iteration 0: 0.552762508392334
loss in epoch 52 iteration 100: 0.6212526559829712
loss in epoch 52 iteration 200: 0.5537243485450745
loss in epoch 52 iteration 300: 0.552398681640625
loss in epoch 53 iteration 0: 0.518603503704071
loss in epoch 53 iteration 100: 0.5231720209121704
loss in epoch 53 iteration 200: 0.6828108429908752
loss in epoch 53 iteration 300: 0.5472738146781921
loss in epoch 54 iteration 0: 0.4998794198036194
loss in epoch 54 iteration 100: 0.4672054350376129
loss in epoch 54 iteration 200: 0.5135025382041931
loss in epoch 54 iteration 300: 0.5680992603302002
loss in epoch 55 iteration 0: 0.517331600189209
loss in epoch 55 iteration 100: 0.4872279763221741
loss in epoch 55 iteration 200: 0.5160571336746216
loss in epoch 55 iteration 300: 0.5453638434410095
loss in epoch 56 iteration 0: 0.5463768839836121
loss in epoch 56 iteration 100: 0.568853497505188
loss in epoch 56 iteration 200: 0.5963153839111328
loss in epoch 56 iteration 300: 0.5124563574790955
loss in epoch 57 iteration 0: 0.4919799864292145
loss in epoch 57 iteration 100: 0.5846843719482422
loss in epoch 57 iteration 200: 0.47179633378982544
loss in epoch 57 iteration 300: 0.4723908305168152
loss in epoch 58 iteration 0: 0.567662239074707
loss in epoch 58 iteration 100: 0.43768465518951416
loss in epoch 58 iteration 200: 0.5172634124755859
loss in epoch 58 iteration 300: 0.5225971341133118
loss in epoch 59 iteration 0: 0.4877592623233795
loss in epoch 59 iteration 100: 0.5560937523841858
loss in epoch 59 iteration 200: 0.5355840921401978
loss in epoch 59 iteration 300: 0.4728146195411682
loss in epoch 60 iteration 0: 0.5102792978286743
loss in epoch 60 iteration 100: 0.5062962174415588
loss in epoch 60 iteration 200: 0.4803692698478699
loss in epoch 60 iteration 300: 0.5454030632972717
Evaluating........................................................................................................................................................................................................

epoch:60, time: 486.702001(s), valid (NDCG@10: 0.3458, HR@10: 0.5580), test (NDCG@10: 0.1522, HR@10: 0.1522)
(0.34579458431643123, 0.558) (0.1522, 0.1522)

loss in epoch 61 iteration 0: 0.4906638264656067
loss in epoch 61 iteration 100: 0.4516037702560425
loss in epoch 61 iteration 200: 0.5047415494918823
loss in epoch 61 iteration 300: 0.5574674606323242
loss in epoch 62 iteration 0: 0.4936886131763458
loss in epoch 62 iteration 100: 0.5257724523544312
loss in epoch 62 iteration 200: 0.4571784734725952
loss in epoch 62 iteration 300: 0.5708811283111572
loss in epoch 63 iteration 0: 0.5292019248008728
loss in epoch 63 iteration 100: 0.48149293661117554
loss in epoch 63 iteration 200: 0.48133403062820435
loss in epoch 63 iteration 300: 0.5024478435516357
loss in epoch 64 iteration 0: 0.4554480016231537
loss in epoch 64 iteration 100: 0.4627714157104492
loss in epoch 64 iteration 200: 0.5070276856422424
loss in epoch 64 iteration 300: 0.4899977445602417
loss in epoch 65 iteration 0: 0.5315327048301697
loss in epoch 65 iteration 100: 0.4941244125366211
loss in epoch 65 iteration 200: 0.4827697277069092
loss in epoch 65 iteration 300: 0.5067142844200134
loss in epoch 66 iteration 0: 0.48627614974975586
loss in epoch 66 iteration 100: 0.4555661082267761
loss in epoch 66 iteration 200: 0.4390254020690918
loss in epoch 66 iteration 300: 0.5015620589256287
loss in epoch 67 iteration 0: 0.4552469849586487
loss in epoch 67 iteration 100: 0.4272193908691406
loss in epoch 67 iteration 200: 0.45541098713874817
loss in epoch 67 iteration 300: 0.4867851734161377
loss in epoch 68 iteration 0: 0.4538729786872864
loss in epoch 68 iteration 100: 0.48560231924057007
loss in epoch 68 iteration 200: 0.4891849160194397
loss in epoch 68 iteration 300: 0.443744957447052
loss in epoch 69 iteration 0: 0.4753105640411377
loss in epoch 69 iteration 100: 0.4875437617301941
loss in epoch 69 iteration 200: 0.45401522517204285
loss in epoch 69 iteration 300: 0.4617882966995239
loss in epoch 70 iteration 0: 0.53536456823349
loss in epoch 70 iteration 100: 0.5838011503219604
loss in epoch 70 iteration 200: 0.462549090385437
loss in epoch 70 iteration 300: 0.5035927891731262
loss in epoch 71 iteration 0: 0.5357326865196228
loss in epoch 71 iteration 100: 0.5017094612121582
loss in epoch 71 iteration 200: 0.5218780040740967
loss in epoch 71 iteration 300: 0.45977330207824707
loss in epoch 72 iteration 0: 0.4529412090778351
loss in epoch 72 iteration 100: 0.4477406144142151
loss in epoch 72 iteration 200: 0.5045388340950012
loss in epoch 72 iteration 300: 0.48533910512924194
loss in epoch 73 iteration 0: 0.4484884738922119
loss in epoch 73 iteration 100: 0.5210570096969604
loss in epoch 73 iteration 200: 0.4551324248313904
loss in epoch 73 iteration 300: 0.47592875361442566
loss in epoch 74 iteration 0: 0.47114336490631104
loss in epoch 74 iteration 100: 0.4814695417881012
loss in epoch 74 iteration 200: 0.4981077313423157
loss in epoch 74 iteration 300: 0.43996918201446533
loss in epoch 75 iteration 0: 0.4796575605869293
loss in epoch 75 iteration 100: 0.4318477511405945
loss in epoch 75 iteration 200: 0.4936602711677551
loss in epoch 75 iteration 300: 0.4768891930580139
loss in epoch 76 iteration 0: 0.5025253891944885
loss in epoch 76 iteration 100: 0.4856235384941101
loss in epoch 76 iteration 200: 0.491496741771698
loss in epoch 76 iteration 300: 0.4251234829425812
loss in epoch 77 iteration 0: 0.4423168897628784
loss in epoch 77 iteration 100: 0.5386550426483154
loss in epoch 77 iteration 200: 0.4974159598350525
loss in epoch 77 iteration 300: 0.5416474342346191
loss in epoch 78 iteration 0: 0.49485623836517334
loss in epoch 78 iteration 100: 0.4030948877334595
loss in epoch 78 iteration 200: 0.3957744240760803
loss in epoch 78 iteration 300: 0.5032048225402832
loss in epoch 79 iteration 0: 0.47027575969696045
loss in epoch 79 iteration 100: 0.4772151708602905
loss in epoch 79 iteration 200: 0.4681288003921509
loss in epoch 79 iteration 300: 0.40478000044822693
loss in epoch 80 iteration 0: 0.45502808690071106
loss in epoch 80 iteration 100: 0.470458447933197
loss in epoch 80 iteration 200: 0.4073733687400818
loss in epoch 80 iteration 300: 0.46066880226135254
Evaluating........................................................................................................................................................................................................

epoch:80, time: 598.586046(s), valid (NDCG@10: 0.3429, HR@10: 0.5540), test (NDCG@10: 0.1548, HR@10: 0.1548)
(0.34286627678823195, 0.554) (0.1548, 0.1548)

loss in epoch 81 iteration 0: 0.42640912532806396
loss in epoch 81 iteration 100: 0.4992433488368988
loss in epoch 81 iteration 200: 0.4467051029205322
loss in epoch 81 iteration 300: 0.44945645332336426
loss in epoch 82 iteration 0: 0.4864368438720703
loss in epoch 82 iteration 100: 0.49969130754470825
loss in epoch 82 iteration 200: 0.454484224319458
loss in epoch 82 iteration 300: 0.46100929379463196
loss in epoch 83 iteration 0: 0.463847279548645
loss in epoch 83 iteration 100: 0.4488123953342438
loss in epoch 83 iteration 200: 0.47929859161376953
loss in epoch 83 iteration 300: 0.48302119970321655
loss in epoch 84 iteration 0: 0.5002562403678894
loss in epoch 84 iteration 100: 0.5158459544181824
loss in epoch 84 iteration 200: 0.45749348402023315
loss in epoch 84 iteration 300: 0.5040349364280701
loss in epoch 85 iteration 0: 0.43298888206481934
loss in epoch 85 iteration 100: 0.47903889417648315
loss in epoch 85 iteration 200: 0.48604634404182434
loss in epoch 85 iteration 300: 0.493137001991272
loss in epoch 86 iteration 0: 0.49093854427337646
loss in epoch 86 iteration 100: 0.48894137144088745
loss in epoch 86 iteration 200: 0.412403404712677
loss in epoch 86 iteration 300: 0.46610385179519653
loss in epoch 87 iteration 0: 0.4821286201477051
loss in epoch 87 iteration 100: 0.45955339074134827
loss in epoch 87 iteration 200: 0.5039007663726807
loss in epoch 87 iteration 300: 0.44739264249801636
loss in epoch 88 iteration 0: 0.3984227180480957
loss in epoch 88 iteration 100: 0.41985607147216797
loss in epoch 88 iteration 200: 0.4706012010574341
loss in epoch 88 iteration 300: 0.5027390718460083
loss in epoch 89 iteration 0: 0.4201650619506836
loss in epoch 89 iteration 100: 0.5249443054199219
loss in epoch 89 iteration 200: 0.49696779251098633
loss in epoch 89 iteration 300: 0.4532066285610199
loss in epoch 90 iteration 0: 0.4844953417778015
loss in epoch 90 iteration 100: 0.4756145477294922
loss in epoch 90 iteration 200: 0.4667361080646515
loss in epoch 90 iteration 300: 0.4249170422554016
loss in epoch 91 iteration 0: 0.4248667359352112
loss in epoch 91 iteration 100: 0.47200965881347656
loss in epoch 91 iteration 200: 0.4560440480709076
loss in epoch 91 iteration 300: 0.4952194094657898
loss in epoch 92 iteration 0: 0.45269131660461426
loss in epoch 92 iteration 100: 0.49649444222450256
loss in epoch 92 iteration 200: 0.4836217164993286
loss in epoch 92 iteration 300: 0.4421168565750122
loss in epoch 93 iteration 0: 0.42464005947113037
loss in epoch 93 iteration 100: 0.4144359827041626
loss in epoch 93 iteration 200: 0.4415951371192932
loss in epoch 93 iteration 300: 0.4523557722568512
loss in epoch 94 iteration 0: 0.4533431828022003
loss in epoch 94 iteration 100: 0.5010576248168945
loss in epoch 94 iteration 200: 0.4155139923095703
loss in epoch 94 iteration 300: 0.48712027072906494
loss in epoch 95 iteration 0: 0.4400649964809418
loss in epoch 95 iteration 100: 0.4379125237464905
loss in epoch 95 iteration 200: 0.400164395570755
loss in epoch 95 iteration 300: 0.5461438298225403
loss in epoch 96 iteration 0: 0.467960000038147
loss in epoch 96 iteration 100: 0.5227487087249756
loss in epoch 96 iteration 200: 0.4634247124195099
loss in epoch 96 iteration 300: 0.4173179268836975
loss in epoch 97 iteration 0: 0.4761672616004944
loss in epoch 97 iteration 100: 0.43454694747924805
loss in epoch 97 iteration 200: 0.3968340754508972
loss in epoch 97 iteration 300: 0.3969828188419342
loss in epoch 98 iteration 0: 0.48304784297943115
loss in epoch 98 iteration 100: 0.40265342593193054
loss in epoch 98 iteration 200: 0.4691828191280365
loss in epoch 98 iteration 300: 0.4194820523262024
loss in epoch 99 iteration 0: 0.4931063652038574
loss in epoch 99 iteration 100: 0.43044018745422363
loss in epoch 99 iteration 200: 0.4091910123825073
loss in epoch 99 iteration 300: 0.4598105251789093
loss in epoch 100 iteration 0: 0.47331905364990234
loss in epoch 100 iteration 100: 0.4822443425655365
loss in epoch 100 iteration 200: 0.4419597089290619
loss in epoch 100 iteration 300: 0.47078555822372437
Evaluating........................................................................................................................................................................................................

epoch:100, time: 706.197267(s), valid (NDCG@10: 0.3498, HR@10: 0.5564), test (NDCG@10: 0.1599, HR@10: 0.1599)
(0.34982880083846785, 0.5564) (0.1599, 0.1599)

loss in epoch 101 iteration 0: 0.535311222076416
loss in epoch 101 iteration 100: 0.44543200731277466
loss in epoch 101 iteration 200: 0.40925145149230957
loss in epoch 101 iteration 300: 0.4507259130477905
loss in epoch 102 iteration 0: 0.45798105001449585
loss in epoch 102 iteration 100: 0.4420597553253174
loss in epoch 102 iteration 200: 0.4894743263721466
loss in epoch 102 iteration 300: 0.38319462537765503
loss in epoch 103 iteration 0: 0.4844083786010742
loss in epoch 103 iteration 100: 0.4450913369655609
loss in epoch 103 iteration 200: 0.446580171585083
loss in epoch 103 iteration 300: 0.38717204332351685
loss in epoch 104 iteration 0: 0.4582307040691376
loss in epoch 104 iteration 100: 0.3900730013847351
loss in epoch 104 iteration 200: 0.4226562976837158
loss in epoch 104 iteration 300: 0.42750146985054016
loss in epoch 105 iteration 0: 0.4034794270992279
loss in epoch 105 iteration 100: 0.44235295057296753
loss in epoch 105 iteration 200: 0.4057352840900421
loss in epoch 105 iteration 300: 0.45912474393844604
loss in epoch 106 iteration 0: 0.46771955490112305
loss in epoch 106 iteration 100: 0.42692071199417114
loss in epoch 106 iteration 200: 0.4468587040901184
loss in epoch 106 iteration 300: 0.4018127918243408
loss in epoch 107 iteration 0: 0.469729483127594
loss in epoch 107 iteration 100: 0.45597270131111145
loss in epoch 107 iteration 200: 0.5110769271850586
loss in epoch 107 iteration 300: 0.4468623995780945
loss in epoch 108 iteration 0: 0.47040581703186035
loss in epoch 108 iteration 100: 0.37934058904647827
loss in epoch 108 iteration 200: 0.4718192219734192
loss in epoch 108 iteration 300: 0.39885276556015015
loss in epoch 109 iteration 0: 0.4395871162414551
loss in epoch 109 iteration 100: 0.4281151294708252
loss in epoch 109 iteration 200: 0.45385387539863586
loss in epoch 109 iteration 300: 0.4755452573299408
loss in epoch 110 iteration 0: 0.422781378030777
loss in epoch 110 iteration 100: 0.4137169420719147
loss in epoch 110 iteration 200: 0.44376564025878906
loss in epoch 110 iteration 300: 0.3784785270690918
loss in epoch 111 iteration 0: 0.4924929738044739
loss in epoch 111 iteration 100: 0.4944225549697876
loss in epoch 111 iteration 200: 0.453915536403656
loss in epoch 111 iteration 300: 0.45038795471191406
loss in epoch 112 iteration 0: 0.39211589097976685
loss in epoch 112 iteration 100: 0.41670170426368713
loss in epoch 112 iteration 200: 0.4066399335861206
loss in epoch 112 iteration 300: 0.41408753395080566
loss in epoch 113 iteration 0: 0.4291897416114807
loss in epoch 113 iteration 100: 0.48054075241088867
loss in epoch 113 iteration 200: 0.4390668272972107
loss in epoch 113 iteration 300: 0.38950955867767334
loss in epoch 114 iteration 0: 0.49777916073799133
loss in epoch 114 iteration 100: 0.4262165129184723
loss in epoch 114 iteration 200: 0.46197324991226196
loss in epoch 114 iteration 300: 0.39165806770324707
loss in epoch 115 iteration 0: 0.40612733364105225
loss in epoch 115 iteration 100: 0.44361740350723267
loss in epoch 115 iteration 200: 0.39766165614128113
loss in epoch 115 iteration 300: 0.38413575291633606
loss in epoch 116 iteration 0: 0.4196453094482422
loss in epoch 116 iteration 100: 0.4591543674468994
loss in epoch 116 iteration 200: 0.4857253432273865
loss in epoch 116 iteration 300: 0.4375956952571869
loss in epoch 117 iteration 0: 0.42494118213653564
loss in epoch 117 iteration 100: 0.4362553358078003
loss in epoch 117 iteration 200: 0.40308165550231934
loss in epoch 117 iteration 300: 0.4727134108543396
loss in epoch 118 iteration 0: 0.484932541847229
loss in epoch 118 iteration 100: 0.3818613886833191
loss in epoch 118 iteration 200: 0.4947516620159149
loss in epoch 118 iteration 300: 0.4679212272167206
loss in epoch 119 iteration 0: 0.3805456757545471
loss in epoch 119 iteration 100: 0.39339035749435425
loss in epoch 119 iteration 200: 0.43875017762184143
loss in epoch 119 iteration 300: 0.548821210861206
loss in epoch 120 iteration 0: 0.42804375290870667
loss in epoch 120 iteration 100: 0.4586034417152405
loss in epoch 120 iteration 200: 0.4399876594543457
loss in epoch 120 iteration 300: 0.4459855854511261
Evaluating........................................................................................................................................................................................................

epoch:120, time: 816.956916(s), valid (NDCG@10: 0.3462, HR@10: 0.5566), test (NDCG@10: 0.1585, HR@10: 0.1585)
(0.3461668263816326, 0.5566) (0.1585, 0.1585)

loss in epoch 121 iteration 0: 0.3923381567001343
loss in epoch 121 iteration 100: 0.40417981147766113
loss in epoch 121 iteration 200: 0.49342483282089233
loss in epoch 121 iteration 300: 0.4251069724559784
loss in epoch 122 iteration 0: 0.4113887548446655
loss in epoch 122 iteration 100: 0.47069060802459717
loss in epoch 122 iteration 200: 0.4564868211746216
loss in epoch 122 iteration 300: 0.45070311427116394
loss in epoch 123 iteration 0: 0.41108906269073486
loss in epoch 123 iteration 100: 0.45435935258865356
loss in epoch 123 iteration 200: 0.42463845014572144
loss in epoch 123 iteration 300: 0.42051661014556885
loss in epoch 124 iteration 0: 0.4547312557697296
loss in epoch 124 iteration 100: 0.4326235055923462
loss in epoch 124 iteration 200: 0.47814199328422546
loss in epoch 124 iteration 300: 0.4698517620563507
loss in epoch 125 iteration 0: 0.39721548557281494
loss in epoch 125 iteration 100: 0.4029080867767334
loss in epoch 125 iteration 200: 0.41872620582580566
loss in epoch 125 iteration 300: 0.43758267164230347
loss in epoch 126 iteration 0: 0.39510786533355713
loss in epoch 126 iteration 100: 0.3944630026817322
loss in epoch 126 iteration 200: 0.4050675630569458
loss in epoch 126 iteration 300: 0.4544697701931
loss in epoch 127 iteration 0: 0.4324115514755249
loss in epoch 127 iteration 100: 0.4858780801296234
loss in epoch 127 iteration 200: 0.40564319491386414
loss in epoch 127 iteration 300: 0.4133843779563904
loss in epoch 128 iteration 0: 0.4415838420391083
loss in epoch 128 iteration 100: 0.4172205328941345
loss in epoch 128 iteration 200: 0.4331638216972351
loss in epoch 128 iteration 300: 0.38991549611091614
loss in epoch 129 iteration 0: 0.42457807064056396
loss in epoch 129 iteration 100: 0.4857439398765564
loss in epoch 129 iteration 200: 0.4198652505874634
loss in epoch 129 iteration 300: 0.3877163827419281
loss in epoch 130 iteration 0: 0.45182615518569946
loss in epoch 130 iteration 100: 0.41230422258377075
loss in epoch 130 iteration 200: 0.33748745918273926
loss in epoch 130 iteration 300: 0.387349009513855
loss in epoch 131 iteration 0: 0.44108957052230835
loss in epoch 131 iteration 100: 0.45462965965270996
loss in epoch 131 iteration 200: 0.47590410709381104
loss in epoch 131 iteration 300: 0.42350754141807556
loss in epoch 132 iteration 0: 0.4231380820274353
loss in epoch 132 iteration 100: 0.40261393785476685
loss in epoch 132 iteration 200: 0.379838764667511
loss in epoch 132 iteration 300: 0.45267629623413086
loss in epoch 133 iteration 0: 0.42650318145751953
loss in epoch 133 iteration 100: 0.4535521864891052
loss in epoch 133 iteration 200: 0.43785560131073
loss in epoch 133 iteration 300: 0.3652520477771759
loss in epoch 134 iteration 0: 0.47135674953460693
loss in epoch 134 iteration 100: 0.4285460114479065
loss in epoch 134 iteration 200: 0.3974846601486206
loss in epoch 134 iteration 300: 0.45969265699386597
loss in epoch 135 iteration 0: 0.4018208682537079
loss in epoch 135 iteration 100: 0.42796415090560913
loss in epoch 135 iteration 200: 0.4236128330230713
loss in epoch 135 iteration 300: 0.4234214425086975
loss in epoch 136 iteration 0: 0.3795083165168762
loss in epoch 136 iteration 100: 0.44125863909721375
loss in epoch 136 iteration 200: 0.4301876425743103
loss in epoch 136 iteration 300: 0.4077484905719757
loss in epoch 137 iteration 0: 0.4176488518714905
loss in epoch 137 iteration 100: 0.4353887438774109
loss in epoch 137 iteration 200: 0.35949015617370605
loss in epoch 137 iteration 300: 0.39682334661483765
loss in epoch 138 iteration 0: 0.43356430530548096
loss in epoch 138 iteration 100: 0.432127982378006
loss in epoch 138 iteration 200: 0.4443501830101013
loss in epoch 138 iteration 300: 0.38889119029045105
loss in epoch 139 iteration 0: 0.4982954263687134
loss in epoch 139 iteration 100: 0.4620245695114136
loss in epoch 139 iteration 200: 0.44061964750289917
loss in epoch 139 iteration 300: 0.403289794921875
loss in epoch 140 iteration 0: 0.4233418107032776
loss in epoch 140 iteration 100: 0.4021744132041931
loss in epoch 140 iteration 200: 0.43002551794052124
loss in epoch 140 iteration 300: 0.42416900396347046
Evaluating........................................................................................................................................................................................................

epoch:140, time: 926.380152(s), valid (NDCG@10: 0.3449, HR@10: 0.5546), test (NDCG@10: 0.1615, HR@10: 0.1615)
(0.3449450369443207, 0.5546) (0.1615, 0.1615)

loss in epoch 141 iteration 0: 0.424356073141098
loss in epoch 141 iteration 100: 0.4331972599029541
loss in epoch 141 iteration 200: 0.42121514678001404
loss in epoch 141 iteration 300: 0.4796934723854065
loss in epoch 142 iteration 0: 0.41428935527801514
loss in epoch 142 iteration 100: 0.3949246406555176
loss in epoch 142 iteration 200: 0.3307967782020569
loss in epoch 142 iteration 300: 0.4120786190032959
loss in epoch 143 iteration 0: 0.4395691156387329
loss in epoch 143 iteration 100: 0.3737301230430603
loss in epoch 143 iteration 200: 0.4073326587677002
loss in epoch 143 iteration 300: 0.3253663182258606
loss in epoch 144 iteration 0: 0.4187331199645996
loss in epoch 144 iteration 100: 0.40812674164772034
loss in epoch 144 iteration 200: 0.411254346370697
loss in epoch 144 iteration 300: 0.41383084654808044
loss in epoch 145 iteration 0: 0.39995014667510986
loss in epoch 145 iteration 100: 0.42385831475257874
loss in epoch 145 iteration 200: 0.4011210501194
loss in epoch 145 iteration 300: 0.4798964262008667
loss in epoch 146 iteration 0: 0.34303250908851624
loss in epoch 146 iteration 100: 0.395816445350647
loss in epoch 146 iteration 200: 0.4088786244392395
loss in epoch 146 iteration 300: 0.4532035291194916
loss in epoch 147 iteration 0: 0.39099180698394775
loss in epoch 147 iteration 100: 0.3979417681694031
loss in epoch 147 iteration 200: 0.4184747338294983
loss in epoch 147 iteration 300: 0.40240979194641113
loss in epoch 148 iteration 0: 0.4605606496334076
loss in epoch 148 iteration 100: 0.4111363887786865
loss in epoch 148 iteration 200: 0.42210662364959717
loss in epoch 148 iteration 300: 0.4115050435066223
loss in epoch 149 iteration 0: 0.4191665053367615
loss in epoch 149 iteration 100: 0.4235634207725525
loss in epoch 149 iteration 200: 0.37841129302978516
loss in epoch 149 iteration 300: 0.3880905508995056
loss in epoch 150 iteration 0: 0.3947187662124634
loss in epoch 150 iteration 100: 0.4269847571849823
loss in epoch 150 iteration 200: 0.31268203258514404
loss in epoch 150 iteration 300: 0.44883620738983154
loss in epoch 151 iteration 0: 0.4391467571258545
loss in epoch 151 iteration 100: 0.38879460096359253
loss in epoch 151 iteration 200: 0.34326887130737305
loss in epoch 151 iteration 300: 0.43106091022491455
loss in epoch 152 iteration 0: 0.38399508595466614
loss in epoch 152 iteration 100: 0.4443984627723694
loss in epoch 152 iteration 200: 0.39561352133750916
loss in epoch 152 iteration 300: 0.44498389959335327
loss in epoch 153 iteration 0: 0.4497542381286621
loss in epoch 153 iteration 100: 0.4418724775314331
loss in epoch 153 iteration 200: 0.407428503036499
loss in epoch 153 iteration 300: 0.4295313060283661
loss in epoch 154 iteration 0: 0.41505199670791626
loss in epoch 154 iteration 100: 0.431854784488678
loss in epoch 154 iteration 200: 0.4490082859992981
loss in epoch 154 iteration 300: 0.40822625160217285
loss in epoch 155 iteration 0: 0.40000200271606445
loss in epoch 155 iteration 100: 0.4048401713371277
loss in epoch 155 iteration 200: 0.3927174508571625
loss in epoch 155 iteration 300: 0.40290945768356323
loss in epoch 156 iteration 0: 0.37829190492630005
loss in epoch 156 iteration 100: 0.44306010007858276
loss in epoch 156 iteration 200: 0.44416749477386475
loss in epoch 156 iteration 300: 0.4630524814128876
loss in epoch 157 iteration 0: 0.432399719953537
loss in epoch 157 iteration 100: 0.47226688265800476
loss in epoch 157 iteration 200: 0.4677530825138092
loss in epoch 157 iteration 300: 0.39695489406585693
loss in epoch 158 iteration 0: 0.433630108833313
loss in epoch 158 iteration 100: 0.38769233226776123
loss in epoch 158 iteration 200: 0.4172767996788025
loss in epoch 158 iteration 300: 0.40889614820480347
loss in epoch 159 iteration 0: 0.3823036253452301
loss in epoch 159 iteration 100: 0.3395969271659851
loss in epoch 159 iteration 200: 0.47808676958084106
loss in epoch 159 iteration 300: 0.4640727639198303
loss in epoch 160 iteration 0: 0.3760926127433777
loss in epoch 160 iteration 100: 0.40017059445381165
loss in epoch 160 iteration 200: 0.35761192440986633
loss in epoch 160 iteration 300: 0.4073946177959442
Evaluating........................................................................................................................................................................................................

epoch:160, time: 1036.354211(s), valid (NDCG@10: 0.3526, HR@10: 0.5652), test (NDCG@10: 0.1597, HR@10: 0.1597)
(0.35258035570621876, 0.5652) (0.1597, 0.1597)

loss in epoch 161 iteration 0: 0.42351338267326355
loss in epoch 161 iteration 100: 0.38529908657073975
loss in epoch 161 iteration 200: 0.4969363212585449
loss in epoch 161 iteration 300: 0.386322557926178
loss in epoch 162 iteration 0: 0.4154552221298218
loss in epoch 162 iteration 100: 0.4674392342567444
loss in epoch 162 iteration 200: 0.3687949776649475
loss in epoch 162 iteration 300: 0.45782190561294556
loss in epoch 163 iteration 0: 0.4284800887107849
loss in epoch 163 iteration 100: 0.4400913715362549
loss in epoch 163 iteration 200: 0.3535262942314148
loss in epoch 163 iteration 300: 0.41713428497314453
loss in epoch 164 iteration 0: 0.3816773295402527
loss in epoch 164 iteration 100: 0.3952876925468445
loss in epoch 164 iteration 200: 0.3936814069747925
loss in epoch 164 iteration 300: 0.45235878229141235
loss in epoch 165 iteration 0: 0.47598618268966675
loss in epoch 165 iteration 100: 0.3809506297111511
loss in epoch 165 iteration 200: 0.35044538974761963
loss in epoch 165 iteration 300: 0.41547632217407227
loss in epoch 166 iteration 0: 0.4868757426738739
loss in epoch 166 iteration 100: 0.4176802635192871
loss in epoch 166 iteration 200: 0.3998200297355652
loss in epoch 166 iteration 300: 0.40723806619644165
loss in epoch 167 iteration 0: 0.4346387982368469
loss in epoch 167 iteration 100: 0.44385987520217896
loss in epoch 167 iteration 200: 0.4428662657737732
loss in epoch 167 iteration 300: 0.37992554903030396
loss in epoch 168 iteration 0: 0.40385133028030396
loss in epoch 168 iteration 100: 0.36887484788894653
loss in epoch 168 iteration 200: 0.4431735873222351
loss in epoch 168 iteration 300: 0.4493526816368103
loss in epoch 169 iteration 0: 0.4390183091163635
loss in epoch 169 iteration 100: 0.39081037044525146
loss in epoch 169 iteration 200: 0.4444946050643921
loss in epoch 169 iteration 300: 0.3575732409954071
loss in epoch 170 iteration 0: 0.46354126930236816
loss in epoch 170 iteration 100: 0.399784654378891
loss in epoch 170 iteration 200: 0.41877368092536926
loss in epoch 170 iteration 300: 0.3842664062976837
loss in epoch 171 iteration 0: 0.41946810483932495
loss in epoch 171 iteration 100: 0.41095075011253357
loss in epoch 171 iteration 200: 0.3749566078186035
loss in epoch 171 iteration 300: 0.4141165018081665
loss in epoch 172 iteration 0: 0.4604201316833496
loss in epoch 172 iteration 100: 0.4077928066253662
loss in epoch 172 iteration 200: 0.3903692066669464
loss in epoch 172 iteration 300: 0.4515831470489502
loss in epoch 173 iteration 0: 0.39680445194244385
loss in epoch 173 iteration 100: 0.4075220823287964
loss in epoch 173 iteration 200: 0.3906312584877014
loss in epoch 173 iteration 300: 0.416864812374115
loss in epoch 174 iteration 0: 0.3664911389350891
loss in epoch 174 iteration 100: 0.3945862650871277
loss in epoch 174 iteration 200: 0.3680182993412018
loss in epoch 174 iteration 300: 0.4049624800682068
loss in epoch 175 iteration 0: 0.3592933416366577
loss in epoch 175 iteration 100: 0.42638295888900757
loss in epoch 175 iteration 200: 0.46603983640670776
loss in epoch 175 iteration 300: 0.3831668496131897
loss in epoch 176 iteration 0: 0.36514997482299805
loss in epoch 176 iteration 100: 0.3973209261894226
loss in epoch 176 iteration 200: 0.45225846767425537
loss in epoch 176 iteration 300: 0.3831416964530945
loss in epoch 177 iteration 0: 0.39621496200561523
loss in epoch 177 iteration 100: 0.40552669763565063
loss in epoch 177 iteration 200: 0.3485758304595947
loss in epoch 177 iteration 300: 0.34901511669158936
loss in epoch 178 iteration 0: 0.41496795415878296
loss in epoch 178 iteration 100: 0.35105788707733154
loss in epoch 178 iteration 200: 0.43961143493652344
loss in epoch 178 iteration 300: 0.380199134349823
loss in epoch 179 iteration 0: 0.4071729779243469
loss in epoch 179 iteration 100: 0.3523105978965759
loss in epoch 179 iteration 200: 0.4307505488395691
loss in epoch 179 iteration 300: 0.3884033262729645
loss in epoch 180 iteration 0: 0.42650020122528076
loss in epoch 180 iteration 100: 0.43622979521751404
loss in epoch 180 iteration 200: 0.366428017616272
loss in epoch 180 iteration 300: 0.44674962759017944
Evaluating........................................................................................................................................................................................................

epoch:180, time: 1146.111261(s), valid (NDCG@10: 0.3496, HR@10: 0.5643), test (NDCG@10: 0.1687, HR@10: 0.1687)
(0.34964527236721754, 0.5643) (0.1687, 0.1687)

loss in epoch 181 iteration 0: 0.4455007314682007
loss in epoch 181 iteration 100: 0.3779147267341614
loss in epoch 181 iteration 200: 0.407985657453537
loss in epoch 181 iteration 300: 0.36646169424057007
loss in epoch 182 iteration 0: 0.40242886543273926
loss in epoch 182 iteration 100: 0.3750927746295929
loss in epoch 182 iteration 200: 0.43037688732147217
loss in epoch 182 iteration 300: 0.3847258687019348
loss in epoch 183 iteration 0: 0.4033361077308655
loss in epoch 183 iteration 100: 0.4743920564651489
loss in epoch 183 iteration 200: 0.4479674696922302
loss in epoch 183 iteration 300: 0.39184558391571045
loss in epoch 184 iteration 0: 0.40176624059677124
loss in epoch 184 iteration 100: 0.42166993021965027
loss in epoch 184 iteration 200: 0.3540458679199219
loss in epoch 184 iteration 300: 0.4125096797943115
loss in epoch 185 iteration 0: 0.37337058782577515
loss in epoch 185 iteration 100: 0.38842013478279114
loss in epoch 185 iteration 200: 0.41317886114120483
loss in epoch 185 iteration 300: 0.4020829200744629
loss in epoch 186 iteration 0: 0.37613317370414734
loss in epoch 186 iteration 100: 0.34715235233306885
loss in epoch 186 iteration 200: 0.3979065418243408
loss in epoch 186 iteration 300: 0.42269766330718994
loss in epoch 187 iteration 0: 0.4132871627807617
loss in epoch 187 iteration 100: 0.39024776220321655
loss in epoch 187 iteration 200: 0.38121557235717773
loss in epoch 187 iteration 300: 0.4370436668395996
loss in epoch 188 iteration 0: 0.3888407051563263
loss in epoch 188 iteration 100: 0.4024794101715088
loss in epoch 188 iteration 200: 0.4123275876045227
loss in epoch 188 iteration 300: 0.43637990951538086
loss in epoch 189 iteration 0: 0.36078572273254395
loss in epoch 189 iteration 100: 0.4074571132659912
loss in epoch 189 iteration 200: 0.38305652141571045
loss in epoch 189 iteration 300: 0.4133620858192444
loss in epoch 190 iteration 0: 0.3958452641963959
loss in epoch 190 iteration 100: 0.38593608140945435
loss in epoch 190 iteration 200: 0.3677741289138794
loss in epoch 190 iteration 300: 0.4064772129058838
loss in epoch 191 iteration 0: 0.4204113185405731
loss in epoch 191 iteration 100: 0.4192144274711609
loss in epoch 191 iteration 200: 0.3707313537597656
loss in epoch 191 iteration 300: 0.3721572160720825
loss in epoch 192 iteration 0: 0.3736095428466797
loss in epoch 192 iteration 100: 0.435565710067749
loss in epoch 192 iteration 200: 0.42993178963661194
loss in epoch 192 iteration 300: 0.39047712087631226
loss in epoch 193 iteration 0: 0.3435661494731903
loss in epoch 193 iteration 100: 0.40658774971961975
loss in epoch 193 iteration 200: 0.3496522903442383
loss in epoch 193 iteration 300: 0.37249624729156494
loss in epoch 194 iteration 0: 0.3806747794151306
loss in epoch 194 iteration 100: 0.4410676658153534
loss in epoch 194 iteration 200: 0.40577107667922974
loss in epoch 194 iteration 300: 0.38213592767715454
loss in epoch 195 iteration 0: 0.3899145722389221
loss in epoch 195 iteration 100: 0.38048335909843445
loss in epoch 195 iteration 200: 0.3972472548484802
loss in epoch 195 iteration 300: 0.3942430317401886
loss in epoch 196 iteration 0: 0.3554351031780243
loss in epoch 196 iteration 100: 0.3754006624221802
loss in epoch 196 iteration 200: 0.36220788955688477
loss in epoch 196 iteration 300: 0.4001556634902954
loss in epoch 197 iteration 0: 0.3812671899795532
loss in epoch 197 iteration 100: 0.4889574348926544
loss in epoch 197 iteration 200: 0.31444093585014343
loss in epoch 197 iteration 300: 0.368757963180542
loss in epoch 198 iteration 0: 0.3685227334499359
loss in epoch 198 iteration 100: 0.40005671977996826
loss in epoch 198 iteration 200: 0.36877232789993286
loss in epoch 198 iteration 300: 0.39239776134490967
loss in epoch 199 iteration 0: 0.39121413230895996
loss in epoch 199 iteration 100: 0.37248992919921875
loss in epoch 199 iteration 200: 0.4304025173187256
loss in epoch 199 iteration 300: 0.42488032579421997
loss in epoch 200 iteration 0: 0.4421410858631134
loss in epoch 200 iteration 100: 0.42582637071609497
loss in epoch 200 iteration 200: 0.42149972915649414
loss in epoch 200 iteration 300: 0.37641024589538574
Evaluating........................................................................................................................................................................................................

epoch:200, time: 1254.995808(s), valid (NDCG@10: 0.3503, HR@10: 0.5605), test (NDCG@10: 0.1549, HR@10: 0.1549)
(0.35031603088747254, 0.5605) (0.1549, 0.1549)

Done
Time: 1982.0914294719696
