user num: 50985 item num: 25848
average sequence length: 6.10
loss in epoch 1 iteration 0: 1.3910497426986694
loss in epoch 1 iteration 100: 1.3856275081634521
loss in epoch 1 iteration 200: 1.3812485933303833
loss in epoch 1 iteration 300: 1.3835358619689941
loss in epoch 2 iteration 0: 1.3785234689712524
loss in epoch 2 iteration 100: 1.3742549419403076
loss in epoch 2 iteration 200: 1.3766281604766846
loss in epoch 2 iteration 300: 1.3774396181106567
loss in epoch 3 iteration 0: 1.36967134475708
loss in epoch 3 iteration 100: 1.3683559894561768
loss in epoch 3 iteration 200: 1.3850452899932861
loss in epoch 3 iteration 300: 1.3717777729034424
loss in epoch 4 iteration 0: 1.3855624198913574
loss in epoch 4 iteration 100: 1.3881827592849731
loss in epoch 4 iteration 200: 1.3762357234954834
loss in epoch 4 iteration 300: 1.3792529106140137
loss in epoch 5 iteration 0: 1.3725593090057373
loss in epoch 5 iteration 100: 1.3692413568496704
loss in epoch 5 iteration 200: 1.3744288682937622
loss in epoch 5 iteration 300: 1.372507929801941
loss in epoch 6 iteration 0: 1.3809680938720703
loss in epoch 6 iteration 100: 1.3765522241592407
loss in epoch 6 iteration 200: 1.373339295387268
loss in epoch 6 iteration 300: 1.3655471801757812
loss in epoch 7 iteration 0: 1.3756122589111328
loss in epoch 7 iteration 100: 1.3778314590454102
loss in epoch 7 iteration 200: 1.379625678062439
loss in epoch 7 iteration 300: 1.37559175491333
loss in epoch 8 iteration 0: 1.3777424097061157
loss in epoch 8 iteration 100: 1.382336139678955
loss in epoch 8 iteration 200: 1.3730685710906982
loss in epoch 8 iteration 300: 1.3874995708465576
loss in epoch 9 iteration 0: 1.3781321048736572
loss in epoch 9 iteration 100: 1.3793193101882935
loss in epoch 9 iteration 200: 1.3658833503723145
loss in epoch 9 iteration 300: 1.3768101930618286
loss in epoch 10 iteration 0: 1.3797613382339478
loss in epoch 10 iteration 100: 1.3664950132369995
loss in epoch 10 iteration 200: 1.380083441734314
loss in epoch 10 iteration 300: 1.3799850940704346
loss in epoch 11 iteration 0: 1.3674697875976562
loss in epoch 11 iteration 100: 1.3778377771377563
loss in epoch 11 iteration 200: 1.3829971551895142
loss in epoch 11 iteration 300: 1.3801767826080322
loss in epoch 12 iteration 0: 1.3777109384536743
loss in epoch 12 iteration 100: 1.3803410530090332
loss in epoch 12 iteration 200: 1.3821649551391602
loss in epoch 12 iteration 300: 1.3791532516479492
loss in epoch 13 iteration 0: 1.3630291223526
loss in epoch 13 iteration 100: 1.3824723958969116
loss in epoch 13 iteration 200: 1.379225254058838
loss in epoch 13 iteration 300: 1.3793199062347412
loss in epoch 14 iteration 0: 1.3752176761627197
loss in epoch 14 iteration 100: 1.3772701025009155
loss in epoch 14 iteration 200: 1.3736674785614014
loss in epoch 14 iteration 300: 1.3812193870544434
loss in epoch 15 iteration 0: 1.372297763824463
loss in epoch 15 iteration 100: 1.3722141981124878
loss in epoch 15 iteration 200: 1.3628758192062378
loss in epoch 15 iteration 300: 1.3726285696029663
loss in epoch 16 iteration 0: 1.3663994073867798
loss in epoch 16 iteration 100: 1.3863849639892578
loss in epoch 16 iteration 200: 1.3735218048095703
loss in epoch 16 iteration 300: 1.3712841272354126
loss in epoch 17 iteration 0: 1.3702433109283447
loss in epoch 17 iteration 100: 1.3744206428527832
loss in epoch 17 iteration 200: 1.3814587593078613
loss in epoch 17 iteration 300: 1.37714684009552
loss in epoch 18 iteration 0: 1.3729398250579834
loss in epoch 18 iteration 100: 1.376960277557373
loss in epoch 18 iteration 200: 1.3779680728912354
loss in epoch 18 iteration 300: 1.3731242418289185
loss in epoch 19 iteration 0: 1.3722233772277832
loss in epoch 19 iteration 100: 1.3664395809173584
loss in epoch 19 iteration 200: 1.366816520690918
loss in epoch 19 iteration 300: 1.3735630512237549
loss in epoch 20 iteration 0: 1.3794283866882324
loss in epoch 20 iteration 100: 1.3843860626220703
loss in epoch 20 iteration 200: 1.375220775604248
loss in epoch 20 iteration 300: 1.3743059635162354
Evaluating........................................................................................................................................................................................................

epoch:20, time: 265.365704(s), valid (NDCG@10: 0.0703, HR@10: 0.1276), test (NDCG@10: 0.0325, HR@10: 0.0325)
(0.07029305018730865, 0.1276) (0.0325, 0.0325)

loss in epoch 21 iteration 0: 1.382646083831787
loss in epoch 21 iteration 100: 1.3765504360198975
loss in epoch 21 iteration 200: 1.3699440956115723
loss in epoch 21 iteration 300: 1.377281904220581
loss in epoch 22 iteration 0: 1.375616192817688
loss in epoch 22 iteration 100: 1.3821687698364258
loss in epoch 22 iteration 200: 1.3750708103179932
loss in epoch 22 iteration 300: 1.372568964958191
loss in epoch 23 iteration 0: 1.3844739198684692
loss in epoch 23 iteration 100: 1.3789756298065186
loss in epoch 23 iteration 200: 1.3679885864257812
loss in epoch 23 iteration 300: 1.3697559833526611
loss in epoch 24 iteration 0: 1.375945806503296
loss in epoch 24 iteration 100: 1.368126392364502
loss in epoch 24 iteration 200: 1.383044958114624
loss in epoch 24 iteration 300: 1.375797986984253
loss in epoch 25 iteration 0: 1.3744738101959229
loss in epoch 25 iteration 100: 1.3766117095947266
loss in epoch 25 iteration 200: 1.3839704990386963
loss in epoch 25 iteration 300: 1.3768527507781982
loss in epoch 26 iteration 0: 1.3797847032546997
loss in epoch 26 iteration 100: 1.3608441352844238
loss in epoch 26 iteration 200: 1.3768010139465332
loss in epoch 26 iteration 300: 1.3663862943649292
loss in epoch 27 iteration 0: 1.3757996559143066
loss in epoch 27 iteration 100: 1.3770002126693726
loss in epoch 27 iteration 200: 1.3751778602600098
loss in epoch 27 iteration 300: 1.383220911026001
loss in epoch 28 iteration 0: 1.371678352355957
loss in epoch 28 iteration 100: 1.3806860446929932
loss in epoch 28 iteration 200: 1.3854260444641113
loss in epoch 28 iteration 300: 1.3721909523010254
loss in epoch 29 iteration 0: 1.3707947731018066
loss in epoch 29 iteration 100: 1.3738410472869873
loss in epoch 29 iteration 200: 1.3755135536193848
loss in epoch 29 iteration 300: 1.3752325773239136
loss in epoch 30 iteration 0: 1.3815966844558716
loss in epoch 30 iteration 100: 1.3942809104919434
loss in epoch 30 iteration 200: 1.3676846027374268
loss in epoch 30 iteration 300: 1.3744971752166748
loss in epoch 31 iteration 0: 1.377654790878296
loss in epoch 31 iteration 100: 1.3840012550354004
loss in epoch 31 iteration 200: 1.3767833709716797
loss in epoch 31 iteration 300: 1.3709304332733154
loss in epoch 32 iteration 0: 1.379810094833374
loss in epoch 32 iteration 100: 1.377734899520874
loss in epoch 32 iteration 200: 1.3652788400650024
loss in epoch 32 iteration 300: 1.37181556224823
loss in epoch 33 iteration 0: 1.3731225728988647
loss in epoch 33 iteration 100: 1.374096393585205
loss in epoch 33 iteration 200: 1.3686251640319824
loss in epoch 33 iteration 300: 1.3707294464111328
loss in epoch 34 iteration 0: 1.3659794330596924
loss in epoch 34 iteration 100: 1.381018877029419
loss in epoch 34 iteration 200: 1.3751100301742554
loss in epoch 34 iteration 300: 1.365002155303955
loss in epoch 35 iteration 0: 1.3729512691497803
loss in epoch 35 iteration 100: 1.368849515914917
loss in epoch 35 iteration 200: 1.3786700963974
loss in epoch 35 iteration 300: 1.3728835582733154
loss in epoch 36 iteration 0: 1.3737672567367554
loss in epoch 36 iteration 100: 1.3758010864257812
loss in epoch 36 iteration 200: 1.36847722530365
loss in epoch 36 iteration 300: 1.379823923110962
loss in epoch 37 iteration 0: 1.3831639289855957
loss in epoch 37 iteration 100: 1.3692071437835693
loss in epoch 37 iteration 200: 1.3694674968719482
loss in epoch 37 iteration 300: 1.370715618133545
loss in epoch 38 iteration 0: 1.3571032285690308
loss in epoch 38 iteration 100: 1.3747081756591797
loss in epoch 38 iteration 200: 1.3822534084320068
loss in epoch 38 iteration 300: 1.3637518882751465
loss in epoch 39 iteration 0: 1.3669722080230713
loss in epoch 39 iteration 100: 1.3739978075027466
loss in epoch 39 iteration 200: 1.3767133951187134
loss in epoch 39 iteration 300: 1.3744008541107178
loss in epoch 40 iteration 0: 1.380232334136963
loss in epoch 40 iteration 100: 1.3718088865280151
loss in epoch 40 iteration 200: 1.3776856660842896
loss in epoch 40 iteration 300: 1.3745601177215576
Evaluating........................................................................................................................................................................................................

epoch:40, time: 375.286208(s), valid (NDCG@10: 0.0723, HR@10: 0.1322), test (NDCG@10: 0.0287, HR@10: 0.0287)
(0.07233012426678462, 0.1322) (0.0287, 0.0287)

loss in epoch 41 iteration 0: 1.380650520324707
loss in epoch 41 iteration 100: 1.3689014911651611
loss in epoch 41 iteration 200: 1.3791449069976807
loss in epoch 41 iteration 300: 1.364684820175171
loss in epoch 42 iteration 0: 1.3739526271820068
loss in epoch 42 iteration 100: 1.3748745918273926
loss in epoch 42 iteration 200: 1.3784232139587402
loss in epoch 42 iteration 300: 1.378745198249817
loss in epoch 43 iteration 0: 1.38677978515625
loss in epoch 43 iteration 100: 1.3823503255844116
loss in epoch 43 iteration 200: 1.3688448667526245
loss in epoch 43 iteration 300: 1.384258508682251
loss in epoch 44 iteration 0: 1.3788740634918213
loss in epoch 44 iteration 100: 1.3730173110961914
loss in epoch 44 iteration 200: 1.376631498336792
loss in epoch 44 iteration 300: 1.3726680278778076
loss in epoch 45 iteration 0: 1.3784728050231934
loss in epoch 45 iteration 100: 1.3758296966552734
loss in epoch 45 iteration 200: 1.3737925291061401
loss in epoch 45 iteration 300: 1.371558427810669
loss in epoch 46 iteration 0: 1.3735902309417725
loss in epoch 46 iteration 100: 1.3751888275146484
loss in epoch 46 iteration 200: 1.363025188446045
loss in epoch 46 iteration 300: 1.3772106170654297
loss in epoch 47 iteration 0: 1.3845982551574707
loss in epoch 47 iteration 100: 1.371661901473999
loss in epoch 47 iteration 200: 1.3759965896606445
loss in epoch 47 iteration 300: 1.3728036880493164
loss in epoch 48 iteration 0: 1.3736881017684937
loss in epoch 48 iteration 100: 1.3736028671264648
loss in epoch 48 iteration 200: 1.3783199787139893
loss in epoch 48 iteration 300: 1.3680154085159302
loss in epoch 49 iteration 0: 1.3689298629760742
loss in epoch 49 iteration 100: 1.3546065092086792
loss in epoch 49 iteration 200: 1.3789087533950806
loss in epoch 49 iteration 300: 1.3700132369995117
loss in epoch 50 iteration 0: 1.38250732421875
loss in epoch 50 iteration 100: 1.3756861686706543
loss in epoch 50 iteration 200: 1.3773889541625977
loss in epoch 50 iteration 300: 1.3651323318481445
loss in epoch 51 iteration 0: 1.3644766807556152
loss in epoch 51 iteration 100: 1.371185302734375
loss in epoch 51 iteration 200: 1.3787236213684082
loss in epoch 51 iteration 300: 1.372833490371704
loss in epoch 52 iteration 0: 1.358741044998169
loss in epoch 52 iteration 100: 1.366652488708496
loss in epoch 52 iteration 200: 1.3758236169815063
loss in epoch 52 iteration 300: 1.3710112571716309
loss in epoch 53 iteration 0: 1.3799549341201782
loss in epoch 53 iteration 100: 1.3643443584442139
loss in epoch 53 iteration 200: 1.3737248182296753
loss in epoch 53 iteration 300: 1.3680694103240967
loss in epoch 54 iteration 0: 1.377598762512207
loss in epoch 54 iteration 100: 1.3720661401748657
loss in epoch 54 iteration 200: 1.3704450130462646
loss in epoch 54 iteration 300: 1.376160740852356
loss in epoch 55 iteration 0: 1.3742141723632812
loss in epoch 55 iteration 100: 1.3786264657974243
loss in epoch 55 iteration 200: 1.368649959564209
loss in epoch 55 iteration 300: 1.3716427087783813
loss in epoch 56 iteration 0: 1.3826344013214111
loss in epoch 56 iteration 100: 1.3682143688201904
loss in epoch 56 iteration 200: 1.3734263181686401
loss in epoch 56 iteration 300: 1.3795464038848877
loss in epoch 57 iteration 0: 1.3649487495422363
loss in epoch 57 iteration 100: 1.3694398403167725
loss in epoch 57 iteration 200: 1.378534197807312
loss in epoch 57 iteration 300: 1.380455493927002
loss in epoch 58 iteration 0: 1.379641056060791
loss in epoch 58 iteration 100: 1.3722615242004395
loss in epoch 58 iteration 200: 1.375657320022583
loss in epoch 58 iteration 300: 1.3773458003997803
loss in epoch 59 iteration 0: 1.3851641416549683
loss in epoch 59 iteration 100: 1.3854851722717285
loss in epoch 59 iteration 200: 1.3707886934280396
loss in epoch 59 iteration 300: 1.3857736587524414
loss in epoch 60 iteration 0: 1.3672078847885132
loss in epoch 60 iteration 100: 1.3775382041931152
loss in epoch 60 iteration 200: 1.372737169265747
loss in epoch 60 iteration 300: 1.3667874336242676
Evaluating........................................................................................................................................................................................................

epoch:60, time: 485.566308(s), valid (NDCG@10: 0.0696, HR@10: 0.1307), test (NDCG@10: 0.0313, HR@10: 0.0313)
(0.06958980106413089, 0.1307) (0.0313, 0.0313)

loss in epoch 61 iteration 0: 1.3697128295898438
loss in epoch 61 iteration 100: 1.3773589134216309
loss in epoch 61 iteration 200: 1.3822622299194336
loss in epoch 61 iteration 300: 1.372431993484497
loss in epoch 62 iteration 0: 1.3691669702529907
loss in epoch 62 iteration 100: 1.3745307922363281
loss in epoch 62 iteration 200: 1.3755630254745483
loss in epoch 62 iteration 300: 1.3741378784179688
loss in epoch 63 iteration 0: 1.3816337585449219
loss in epoch 63 iteration 100: 1.3761651515960693
loss in epoch 63 iteration 200: 1.3681045770645142
loss in epoch 63 iteration 300: 1.3710635900497437
loss in epoch 64 iteration 0: 1.368001937866211
loss in epoch 64 iteration 100: 1.3754534721374512
loss in epoch 64 iteration 200: 1.3820350170135498
loss in epoch 64 iteration 300: 1.365430474281311
loss in epoch 65 iteration 0: 1.3803253173828125
loss in epoch 65 iteration 100: 1.3616490364074707
loss in epoch 65 iteration 200: 1.3643736839294434
loss in epoch 65 iteration 300: 1.3732656240463257
loss in epoch 66 iteration 0: 1.381240963935852
loss in epoch 66 iteration 100: 1.3707787990570068
loss in epoch 66 iteration 200: 1.372223138809204
loss in epoch 66 iteration 300: 1.3872120380401611
loss in epoch 67 iteration 0: 1.3693733215332031
loss in epoch 67 iteration 100: 1.3805506229400635
loss in epoch 67 iteration 200: 1.3783155679702759
loss in epoch 67 iteration 300: 1.3789719343185425
loss in epoch 68 iteration 0: 1.366692304611206
loss in epoch 68 iteration 100: 1.3782594203948975
loss in epoch 68 iteration 200: 1.3739171028137207
loss in epoch 68 iteration 300: 1.3783438205718994
loss in epoch 69 iteration 0: 1.366170883178711
loss in epoch 69 iteration 100: 1.3611702919006348
loss in epoch 69 iteration 200: 1.3785991668701172
loss in epoch 69 iteration 300: 1.3770866394042969
loss in epoch 70 iteration 0: 1.3664577007293701
loss in epoch 70 iteration 100: 1.3738152980804443
loss in epoch 70 iteration 200: 1.3726153373718262
loss in epoch 70 iteration 300: 1.3655424118041992
loss in epoch 71 iteration 0: 1.3694392442703247
loss in epoch 71 iteration 100: 1.3793118000030518
loss in epoch 71 iteration 200: 1.3753308057785034
loss in epoch 71 iteration 300: 1.3778517246246338
loss in epoch 72 iteration 0: 1.3758502006530762
loss in epoch 72 iteration 100: 1.3740086555480957
loss in epoch 72 iteration 200: 1.3724112510681152
loss in epoch 72 iteration 300: 1.3737874031066895
loss in epoch 73 iteration 0: 1.3686378002166748
loss in epoch 73 iteration 100: 1.3790428638458252
loss in epoch 73 iteration 200: 1.3739728927612305
loss in epoch 73 iteration 300: 1.3719940185546875
loss in epoch 74 iteration 0: 1.3715027570724487
loss in epoch 74 iteration 100: 1.375754714012146
loss in epoch 74 iteration 200: 1.3698041439056396
loss in epoch 74 iteration 300: 1.380967140197754
loss in epoch 75 iteration 0: 1.3670411109924316
loss in epoch 75 iteration 100: 1.3767390251159668
loss in epoch 75 iteration 200: 1.3701505661010742
loss in epoch 75 iteration 300: 1.3722763061523438
loss in epoch 76 iteration 0: 1.3678934574127197
loss in epoch 76 iteration 100: 1.3800503015518188
loss in epoch 76 iteration 200: 1.3740756511688232
loss in epoch 76 iteration 300: 1.369914174079895
loss in epoch 77 iteration 0: 1.3721458911895752
loss in epoch 77 iteration 100: 1.3787513971328735
loss in epoch 77 iteration 200: 1.3549466133117676
loss in epoch 77 iteration 300: 1.3747880458831787
loss in epoch 78 iteration 0: 1.3777666091918945
loss in epoch 78 iteration 100: 1.3772331476211548
loss in epoch 78 iteration 200: 1.3843703269958496
loss in epoch 78 iteration 300: 1.365412950515747
loss in epoch 79 iteration 0: 1.365261197090149
loss in epoch 79 iteration 100: 1.378990650177002
loss in epoch 79 iteration 200: 1.362973690032959
loss in epoch 79 iteration 300: 1.3694491386413574
loss in epoch 80 iteration 0: 1.366943597793579
loss in epoch 80 iteration 100: 1.3850280046463013
loss in epoch 80 iteration 200: 1.380413293838501
loss in epoch 80 iteration 300: 1.370058536529541
Evaluating........................................................................................................................................................................................................

epoch:80, time: 591.750403(s), valid (NDCG@10: 0.0702, HR@10: 0.1309), test (NDCG@10: 0.0269, HR@10: 0.0269)
(0.0701956865005881, 0.1309) (0.0269, 0.0269)

loss in epoch 81 iteration 0: 1.3776097297668457
loss in epoch 81 iteration 100: 1.3844505548477173
loss in epoch 81 iteration 200: 1.369890809059143
loss in epoch 81 iteration 300: 1.3829014301300049
loss in epoch 82 iteration 0: 1.386075496673584
loss in epoch 82 iteration 100: 1.3752788305282593
loss in epoch 82 iteration 200: 1.3820698261260986
loss in epoch 82 iteration 300: 1.3625261783599854
loss in epoch 83 iteration 0: 1.3728821277618408
loss in epoch 83 iteration 100: 1.3747432231903076
loss in epoch 83 iteration 200: 1.375230312347412
loss in epoch 83 iteration 300: 1.3653926849365234
loss in epoch 84 iteration 0: 1.374589443206787
loss in epoch 84 iteration 100: 1.3786550760269165
loss in epoch 84 iteration 200: 1.3716869354248047
loss in epoch 84 iteration 300: 1.3662952184677124
loss in epoch 85 iteration 0: 1.3643205165863037
loss in epoch 85 iteration 100: 1.3737472295761108
loss in epoch 85 iteration 200: 1.3688380718231201
loss in epoch 85 iteration 300: 1.3629122972488403
loss in epoch 86 iteration 0: 1.3751490116119385
loss in epoch 86 iteration 100: 1.3769584894180298
loss in epoch 86 iteration 200: 1.392459750175476
loss in epoch 86 iteration 300: 1.3678390979766846
loss in epoch 87 iteration 0: 1.3706204891204834
loss in epoch 87 iteration 100: 1.362386703491211
loss in epoch 87 iteration 200: 1.3678760528564453
loss in epoch 87 iteration 300: 1.3682698011398315
loss in epoch 88 iteration 0: 1.3798699378967285
loss in epoch 88 iteration 100: 1.3749637603759766
loss in epoch 88 iteration 200: 1.3759827613830566
loss in epoch 88 iteration 300: 1.3755106925964355
loss in epoch 89 iteration 0: 1.3904211521148682
loss in epoch 89 iteration 100: 1.3757588863372803
loss in epoch 89 iteration 200: 1.3845279216766357
loss in epoch 89 iteration 300: 1.3675792217254639
loss in epoch 90 iteration 0: 1.352116346359253
loss in epoch 90 iteration 100: 1.373523473739624
loss in epoch 90 iteration 200: 1.3688955307006836
loss in epoch 90 iteration 300: 1.3717237710952759
loss in epoch 91 iteration 0: 1.3769259452819824
loss in epoch 91 iteration 100: 1.377032995223999
loss in epoch 91 iteration 200: 1.3610109090805054
loss in epoch 91 iteration 300: 1.372947096824646
loss in epoch 92 iteration 0: 1.366699457168579
loss in epoch 92 iteration 100: 1.3769915103912354
loss in epoch 92 iteration 200: 1.3663502931594849
loss in epoch 92 iteration 300: 1.37351655960083
loss in epoch 93 iteration 0: 1.3790374994277954
loss in epoch 93 iteration 100: 1.377580165863037
loss in epoch 93 iteration 200: 1.366999626159668
loss in epoch 93 iteration 300: 1.3688794374465942
loss in epoch 94 iteration 0: 1.3778865337371826
loss in epoch 94 iteration 100: 1.3894890546798706
loss in epoch 94 iteration 200: 1.3686537742614746
loss in epoch 94 iteration 300: 1.3657655715942383
loss in epoch 95 iteration 0: 1.385221242904663
loss in epoch 95 iteration 100: 1.3822658061981201
loss in epoch 95 iteration 200: 1.3715174198150635
loss in epoch 95 iteration 300: 1.3803690671920776
loss in epoch 96 iteration 0: 1.3751579523086548
loss in epoch 96 iteration 100: 1.3718986511230469
loss in epoch 96 iteration 200: 1.3767805099487305
loss in epoch 96 iteration 300: 1.3706190586090088
loss in epoch 97 iteration 0: 1.379202961921692
loss in epoch 97 iteration 100: 1.3714053630828857
loss in epoch 97 iteration 200: 1.3753612041473389
loss in epoch 97 iteration 300: 1.371577262878418
loss in epoch 98 iteration 0: 1.371451735496521
loss in epoch 98 iteration 100: 1.3784739971160889
loss in epoch 98 iteration 200: 1.3732103109359741
loss in epoch 98 iteration 300: 1.3752944469451904
loss in epoch 99 iteration 0: 1.373375415802002
loss in epoch 99 iteration 100: 1.3702366352081299
loss in epoch 99 iteration 200: 1.372661828994751
loss in epoch 99 iteration 300: 1.362579584121704
loss in epoch 100 iteration 0: 1.3812522888183594
loss in epoch 100 iteration 100: 1.3705706596374512
loss in epoch 100 iteration 200: 1.3697224855422974
loss in epoch 100 iteration 300: 1.3796615600585938
Evaluating........................................................................................................................................................................................................

epoch:100, time: 700.242228(s), valid (NDCG@10: 0.0651, HR@10: 0.1243), test (NDCG@10: 0.0310, HR@10: 0.0310)
(0.0651400117074947, 0.1243) (0.031, 0.031)

loss in epoch 101 iteration 0: 1.3713215589523315
loss in epoch 101 iteration 100: 1.3678743839263916
loss in epoch 101 iteration 200: 1.3746888637542725
loss in epoch 101 iteration 300: 1.3633829355239868
loss in epoch 102 iteration 0: 1.3706064224243164
loss in epoch 102 iteration 100: 1.3768868446350098
loss in epoch 102 iteration 200: 1.3750933408737183
loss in epoch 102 iteration 300: 1.3707199096679688
loss in epoch 103 iteration 0: 1.3765671253204346
loss in epoch 103 iteration 100: 1.3746514320373535
loss in epoch 103 iteration 200: 1.3809645175933838
loss in epoch 103 iteration 300: 1.374140739440918
loss in epoch 104 iteration 0: 1.3656481504440308
loss in epoch 104 iteration 100: 1.3664650917053223
loss in epoch 104 iteration 200: 1.374952793121338
loss in epoch 104 iteration 300: 1.37248957157135
loss in epoch 105 iteration 0: 1.3766343593597412
loss in epoch 105 iteration 100: 1.3691465854644775
loss in epoch 105 iteration 200: 1.3798162937164307
loss in epoch 105 iteration 300: 1.368985891342163
loss in epoch 106 iteration 0: 1.3731720447540283
loss in epoch 106 iteration 100: 1.3710834980010986
loss in epoch 106 iteration 200: 1.3730058670043945
loss in epoch 106 iteration 300: 1.3694396018981934
loss in epoch 107 iteration 0: 1.3793673515319824
loss in epoch 107 iteration 100: 1.3643550872802734
loss in epoch 107 iteration 200: 1.3750689029693604
loss in epoch 107 iteration 300: 1.368577003479004
loss in epoch 108 iteration 0: 1.373866081237793
loss in epoch 108 iteration 100: 1.376518964767456
loss in epoch 108 iteration 200: 1.375330924987793
loss in epoch 108 iteration 300: 1.3718490600585938
loss in epoch 109 iteration 0: 1.381000280380249
loss in epoch 109 iteration 100: 1.3707385063171387
loss in epoch 109 iteration 200: 1.3670241832733154
loss in epoch 109 iteration 300: 1.363210916519165
loss in epoch 110 iteration 0: 1.3687044382095337
loss in epoch 110 iteration 100: 1.3779473304748535
loss in epoch 110 iteration 200: 1.3783228397369385
loss in epoch 110 iteration 300: 1.3731122016906738
loss in epoch 111 iteration 0: 1.3853638172149658
loss in epoch 111 iteration 100: 1.3721673488616943
loss in epoch 111 iteration 200: 1.3695685863494873
loss in epoch 111 iteration 300: 1.3690364360809326
loss in epoch 112 iteration 0: 1.356499195098877
loss in epoch 112 iteration 100: 1.3702137470245361
loss in epoch 112 iteration 200: 1.3786842823028564
loss in epoch 112 iteration 300: 1.3736255168914795
loss in epoch 113 iteration 0: 1.365842342376709
loss in epoch 113 iteration 100: 1.3719432353973389
loss in epoch 113 iteration 200: 1.379336953163147
loss in epoch 113 iteration 300: 1.3653044700622559
loss in epoch 114 iteration 0: 1.370483160018921
loss in epoch 114 iteration 100: 1.3817253112792969
loss in epoch 114 iteration 200: 1.3715063333511353
loss in epoch 114 iteration 300: 1.3726511001586914
loss in epoch 115 iteration 0: 1.372369647026062
loss in epoch 115 iteration 100: 1.3793203830718994
loss in epoch 115 iteration 200: 1.3865931034088135
loss in epoch 115 iteration 300: 1.3812092542648315
loss in epoch 116 iteration 0: 1.376518964767456
loss in epoch 116 iteration 100: 1.373982548713684
loss in epoch 116 iteration 200: 1.3852150440216064
loss in epoch 116 iteration 300: 1.368024468421936
loss in epoch 117 iteration 0: 1.3672850131988525
loss in epoch 117 iteration 100: 1.3660800457000732
loss in epoch 117 iteration 200: 1.3756978511810303
loss in epoch 117 iteration 300: 1.3757576942443848
loss in epoch 118 iteration 0: 1.3730807304382324
loss in epoch 118 iteration 100: 1.3656005859375
loss in epoch 118 iteration 200: 1.3674023151397705
loss in epoch 118 iteration 300: 1.3788278102874756
loss in epoch 119 iteration 0: 1.376957654953003
loss in epoch 119 iteration 100: 1.375062108039856
loss in epoch 119 iteration 200: 1.3832862377166748
loss in epoch 119 iteration 300: 1.3675827980041504
loss in epoch 120 iteration 0: 1.3804078102111816
loss in epoch 120 iteration 100: 1.381453514099121
loss in epoch 120 iteration 200: 1.3722643852233887
loss in epoch 120 iteration 300: 1.3859502077102661
Evaluating........................................................................................................................................................................................................

epoch:120, time: 808.529800(s), valid (NDCG@10: 0.0669, HR@10: 0.1216), test (NDCG@10: 0.0305, HR@10: 0.0305)
(0.06686605735710649, 0.1216) (0.0305, 0.0305)

loss in epoch 121 iteration 0: 1.3658604621887207
loss in epoch 121 iteration 100: 1.376350998878479
loss in epoch 121 iteration 200: 1.3676857948303223
loss in epoch 121 iteration 300: 1.371497631072998
loss in epoch 122 iteration 0: 1.3688724040985107
loss in epoch 122 iteration 100: 1.381279468536377
loss in epoch 122 iteration 200: 1.382230281829834
loss in epoch 122 iteration 300: 1.3777436017990112
loss in epoch 123 iteration 0: 1.3762277364730835
loss in epoch 123 iteration 100: 1.3692009449005127
loss in epoch 123 iteration 200: 1.3706114292144775
loss in epoch 123 iteration 300: 1.3702857494354248
loss in epoch 124 iteration 0: 1.3729108572006226
loss in epoch 124 iteration 100: 1.3748648166656494
loss in epoch 124 iteration 200: 1.3676341772079468
loss in epoch 124 iteration 300: 1.3737843036651611
loss in epoch 125 iteration 0: 1.3692505359649658
loss in epoch 125 iteration 100: 1.3786888122558594
loss in epoch 125 iteration 200: 1.371269941329956
loss in epoch 125 iteration 300: 1.371469259262085
loss in epoch 126 iteration 0: 1.371176838874817
loss in epoch 126 iteration 100: 1.3842597007751465
loss in epoch 126 iteration 200: 1.371898889541626
loss in epoch 126 iteration 300: 1.3748902082443237
loss in epoch 127 iteration 0: 1.3622734546661377
loss in epoch 127 iteration 100: 1.3741204738616943
loss in epoch 127 iteration 200: 1.3767279386520386
loss in epoch 127 iteration 300: 1.3733768463134766
loss in epoch 128 iteration 0: 1.376540184020996
loss in epoch 128 iteration 100: 1.3789722919464111
loss in epoch 128 iteration 200: 1.3667885065078735
loss in epoch 128 iteration 300: 1.3781843185424805
loss in epoch 129 iteration 0: 1.3835256099700928
loss in epoch 129 iteration 100: 1.3785256147384644
loss in epoch 129 iteration 200: 1.3724744319915771
loss in epoch 129 iteration 300: 1.3675252199172974
loss in epoch 130 iteration 0: 1.3640358448028564
loss in epoch 130 iteration 100: 1.3652632236480713
loss in epoch 130 iteration 200: 1.3810107707977295
loss in epoch 130 iteration 300: 1.3845288753509521
loss in epoch 131 iteration 0: 1.3701059818267822
loss in epoch 131 iteration 100: 1.385439157485962
loss in epoch 131 iteration 200: 1.3707455396652222
loss in epoch 131 iteration 300: 1.3722082376480103
loss in epoch 132 iteration 0: 1.3830492496490479
loss in epoch 132 iteration 100: 1.3720803260803223
loss in epoch 132 iteration 200: 1.3783127069473267
loss in epoch 132 iteration 300: 1.383298635482788
loss in epoch 133 iteration 0: 1.3625235557556152
loss in epoch 133 iteration 100: 1.37026047706604
loss in epoch 133 iteration 200: 1.3688936233520508
loss in epoch 133 iteration 300: 1.375863790512085
loss in epoch 134 iteration 0: 1.3776392936706543
loss in epoch 134 iteration 100: 1.3613665103912354
loss in epoch 134 iteration 200: 1.385489583015442
loss in epoch 134 iteration 300: 1.372545838356018
loss in epoch 135 iteration 0: 1.3770103454589844
loss in epoch 135 iteration 100: 1.376293659210205
loss in epoch 135 iteration 200: 1.3778587579727173
loss in epoch 135 iteration 300: 1.3745684623718262
loss in epoch 136 iteration 0: 1.3890377283096313
loss in epoch 136 iteration 100: 1.372387409210205
loss in epoch 136 iteration 200: 1.3727858066558838
loss in epoch 136 iteration 300: 1.3649578094482422
loss in epoch 137 iteration 0: 1.3702598810195923
loss in epoch 137 iteration 100: 1.380784273147583
loss in epoch 137 iteration 200: 1.3744348287582397
loss in epoch 137 iteration 300: 1.3771064281463623
loss in epoch 138 iteration 0: 1.3677043914794922
loss in epoch 138 iteration 100: 1.3771326541900635
loss in epoch 138 iteration 200: 1.3796515464782715
loss in epoch 138 iteration 300: 1.3819531202316284
loss in epoch 139 iteration 0: 1.3698313236236572
loss in epoch 139 iteration 100: 1.3791258335113525
loss in epoch 139 iteration 200: 1.3785221576690674
loss in epoch 139 iteration 300: 1.377983808517456
loss in epoch 140 iteration 0: 1.3758823871612549
loss in epoch 140 iteration 100: 1.3696978092193604
loss in epoch 140 iteration 200: 1.3693456649780273
loss in epoch 140 iteration 300: 1.3829562664031982
Evaluating........................................................................................................................................................................................................

epoch:140, time: 915.028297(s), valid (NDCG@10: 0.0622, HR@10: 0.1153), test (NDCG@10: 0.0308, HR@10: 0.0308)
(0.062198466827603716, 0.1153) (0.0308, 0.0308)

loss in epoch 141 iteration 0: 1.3716208934783936
loss in epoch 141 iteration 100: 1.3703265190124512
loss in epoch 141 iteration 200: 1.3846628665924072
loss in epoch 141 iteration 300: 1.360819697380066
loss in epoch 142 iteration 0: 1.3814105987548828
loss in epoch 142 iteration 100: 1.3795340061187744
loss in epoch 142 iteration 200: 1.3624086380004883
loss in epoch 142 iteration 300: 1.3704760074615479
loss in epoch 143 iteration 0: 1.369473934173584
loss in epoch 143 iteration 100: 1.3715801239013672
loss in epoch 143 iteration 200: 1.3793179988861084
loss in epoch 143 iteration 300: 1.3693459033966064
loss in epoch 144 iteration 0: 1.3658547401428223
loss in epoch 144 iteration 100: 1.372612714767456
loss in epoch 144 iteration 200: 1.3869524002075195
loss in epoch 144 iteration 300: 1.3755899667739868
loss in epoch 145 iteration 0: 1.3738906383514404
loss in epoch 145 iteration 100: 1.36604905128479
loss in epoch 145 iteration 200: 1.3747975826263428
loss in epoch 145 iteration 300: 1.3897764682769775
loss in epoch 146 iteration 0: 1.3610825538635254
loss in epoch 146 iteration 100: 1.3672044277191162
loss in epoch 146 iteration 200: 1.3846862316131592
loss in epoch 146 iteration 300: 1.3642547130584717
loss in epoch 147 iteration 0: 1.3782870769500732
loss in epoch 147 iteration 100: 1.3785228729248047
loss in epoch 147 iteration 200: 1.3643701076507568
loss in epoch 147 iteration 300: 1.3835551738739014
loss in epoch 148 iteration 0: 1.3772852420806885
loss in epoch 148 iteration 100: 1.375119686126709
loss in epoch 148 iteration 200: 1.3623790740966797
loss in epoch 148 iteration 300: 1.3660295009613037
loss in epoch 149 iteration 0: 1.373469352722168
loss in epoch 149 iteration 100: 1.3772027492523193
loss in epoch 149 iteration 200: 1.3716065883636475
loss in epoch 149 iteration 300: 1.3766744136810303
loss in epoch 150 iteration 0: 1.3655879497528076
loss in epoch 150 iteration 100: 1.3766181468963623
loss in epoch 150 iteration 200: 1.3713171482086182
loss in epoch 150 iteration 300: 1.3695898056030273
loss in epoch 151 iteration 0: 1.3777570724487305
loss in epoch 151 iteration 100: 1.3662970066070557
loss in epoch 151 iteration 200: 1.3737256526947021
loss in epoch 151 iteration 300: 1.3701025247573853
loss in epoch 152 iteration 0: 1.3759384155273438
loss in epoch 152 iteration 100: 1.3862076997756958
loss in epoch 152 iteration 200: 1.3640859127044678
loss in epoch 152 iteration 300: 1.3703052997589111
loss in epoch 153 iteration 0: 1.3745657205581665
loss in epoch 153 iteration 100: 1.3686182498931885
loss in epoch 153 iteration 200: 1.3750097751617432
loss in epoch 153 iteration 300: 1.3652201890945435
loss in epoch 154 iteration 0: 1.3746731281280518
loss in epoch 154 iteration 100: 1.372071623802185
loss in epoch 154 iteration 200: 1.376967191696167
loss in epoch 154 iteration 300: 1.3737154006958008
loss in epoch 155 iteration 0: 1.3759989738464355
loss in epoch 155 iteration 100: 1.3796112537384033
loss in epoch 155 iteration 200: 1.3662008047103882
loss in epoch 155 iteration 300: 1.3763587474822998
loss in epoch 156 iteration 0: 1.3913800716400146
loss in epoch 156 iteration 100: 1.3771324157714844
loss in epoch 156 iteration 200: 1.3602349758148193
loss in epoch 156 iteration 300: 1.3736445903778076
loss in epoch 157 iteration 0: 1.3789353370666504
loss in epoch 157 iteration 100: 1.3778691291809082
loss in epoch 157 iteration 200: 1.370591402053833
loss in epoch 157 iteration 300: 1.3680920600891113
loss in epoch 158 iteration 0: 1.3680272102355957
loss in epoch 158 iteration 100: 1.374133825302124
loss in epoch 158 iteration 200: 1.3706696033477783
loss in epoch 158 iteration 300: 1.374176025390625
loss in epoch 159 iteration 0: 1.3832118511199951
loss in epoch 159 iteration 100: 1.3753125667572021
loss in epoch 159 iteration 200: 1.367471694946289
loss in epoch 159 iteration 300: 1.376017451286316
loss in epoch 160 iteration 0: 1.36955988407135
loss in epoch 160 iteration 100: 1.379142165184021
loss in epoch 160 iteration 200: 1.3709723949432373
loss in epoch 160 iteration 300: 1.3651058673858643
Evaluating........................................................................................................................................................................................................

epoch:160, time: 1019.937344(s), valid (NDCG@10: 0.0639, HR@10: 0.1191), test (NDCG@10: 0.0287, HR@10: 0.0287)
(0.06386300617733387, 0.1191) (0.0287, 0.0287)

loss in epoch 161 iteration 0: 1.3713946342468262
loss in epoch 161 iteration 100: 1.372169852256775
loss in epoch 161 iteration 200: 1.3674919605255127
loss in epoch 161 iteration 300: 1.3745249509811401
loss in epoch 162 iteration 0: 1.374072551727295
loss in epoch 162 iteration 100: 1.3717939853668213
loss in epoch 162 iteration 200: 1.368680715560913
loss in epoch 162 iteration 300: 1.3728325366973877
loss in epoch 163 iteration 0: 1.3713724613189697
loss in epoch 163 iteration 100: 1.3815674781799316
loss in epoch 163 iteration 200: 1.3736565113067627
loss in epoch 163 iteration 300: 1.375749111175537
loss in epoch 164 iteration 0: 1.3760690689086914
loss in epoch 164 iteration 100: 1.3637232780456543
loss in epoch 164 iteration 200: 1.3782241344451904
loss in epoch 164 iteration 300: 1.3682242631912231
loss in epoch 165 iteration 0: 1.3677120208740234
loss in epoch 165 iteration 100: 1.3770025968551636
loss in epoch 165 iteration 200: 1.3653132915496826
loss in epoch 165 iteration 300: 1.3815581798553467
loss in epoch 166 iteration 0: 1.3692961931228638
loss in epoch 166 iteration 100: 1.370776891708374
loss in epoch 166 iteration 200: 1.3766673803329468
loss in epoch 166 iteration 300: 1.373394250869751
loss in epoch 167 iteration 0: 1.3710713386535645
loss in epoch 167 iteration 100: 1.3849318027496338
loss in epoch 167 iteration 200: 1.377608060836792
loss in epoch 167 iteration 300: 1.3811590671539307
loss in epoch 168 iteration 0: 1.3760147094726562
loss in epoch 168 iteration 100: 1.3691387176513672
loss in epoch 168 iteration 200: 1.3805427551269531
loss in epoch 168 iteration 300: 1.367530107498169
loss in epoch 169 iteration 0: 1.374269962310791
loss in epoch 169 iteration 100: 1.3758254051208496
loss in epoch 169 iteration 200: 1.378934621810913
loss in epoch 169 iteration 300: 1.3637454509735107
loss in epoch 170 iteration 0: 1.3790981769561768
loss in epoch 170 iteration 100: 1.3739147186279297
loss in epoch 170 iteration 200: 1.3806540966033936
loss in epoch 170 iteration 300: 1.376400351524353
loss in epoch 171 iteration 0: 1.3846924304962158
loss in epoch 171 iteration 100: 1.3730037212371826
loss in epoch 171 iteration 200: 1.3727883100509644
loss in epoch 171 iteration 300: 1.3703701496124268
loss in epoch 172 iteration 0: 1.3725249767303467
loss in epoch 172 iteration 100: 1.3719539642333984
loss in epoch 172 iteration 200: 1.3721826076507568
loss in epoch 172 iteration 300: 1.3715894222259521
loss in epoch 173 iteration 0: 1.383423089981079
loss in epoch 173 iteration 100: 1.3808372020721436
loss in epoch 173 iteration 200: 1.3757375478744507
loss in epoch 173 iteration 300: 1.3810116052627563
loss in epoch 174 iteration 0: 1.3792182207107544
loss in epoch 174 iteration 100: 1.3588712215423584
loss in epoch 174 iteration 200: 1.3686683177947998
loss in epoch 174 iteration 300: 1.367171287536621
loss in epoch 175 iteration 0: 1.371452808380127
loss in epoch 175 iteration 100: 1.3794924020767212
loss in epoch 175 iteration 200: 1.3615056276321411
loss in epoch 175 iteration 300: 1.3627101182937622
loss in epoch 176 iteration 0: 1.3703551292419434
loss in epoch 176 iteration 100: 1.3636188507080078
loss in epoch 176 iteration 200: 1.3758792877197266
loss in epoch 176 iteration 300: 1.373683214187622
loss in epoch 177 iteration 0: 1.3660805225372314
loss in epoch 177 iteration 100: 1.3689842224121094
loss in epoch 177 iteration 200: 1.3705378770828247
loss in epoch 177 iteration 300: 1.355445384979248
loss in epoch 178 iteration 0: 1.3653682470321655
loss in epoch 178 iteration 100: 1.3708648681640625
loss in epoch 178 iteration 200: 1.3803582191467285
loss in epoch 178 iteration 300: 1.3736906051635742
loss in epoch 179 iteration 0: 1.371820330619812
loss in epoch 179 iteration 100: 1.3780150413513184
loss in epoch 179 iteration 200: 1.3717610836029053
loss in epoch 179 iteration 300: 1.3748314380645752
loss in epoch 180 iteration 0: 1.3755228519439697
loss in epoch 180 iteration 100: 1.3884243965148926
loss in epoch 180 iteration 200: 1.372270107269287
loss in epoch 180 iteration 300: 1.3816511631011963
Evaluating........................................................................................................................................................................................................

epoch:180, time: 1126.485136(s), valid (NDCG@10: 0.0652, HR@10: 0.1221), test (NDCG@10: 0.0279, HR@10: 0.0279)
(0.06520108777395243, 0.1221) (0.0279, 0.0279)

loss in epoch 181 iteration 0: 1.3824279308319092
loss in epoch 181 iteration 100: 1.3675651550292969
loss in epoch 181 iteration 200: 1.370255947113037
loss in epoch 181 iteration 300: 1.372575283050537
loss in epoch 182 iteration 0: 1.3720289468765259
loss in epoch 182 iteration 100: 1.3803348541259766
loss in epoch 182 iteration 200: 1.377895474433899
loss in epoch 182 iteration 300: 1.3770942687988281
loss in epoch 183 iteration 0: 1.3716669082641602
loss in epoch 183 iteration 100: 1.3787630796432495
loss in epoch 183 iteration 200: 1.3709324598312378
loss in epoch 183 iteration 300: 1.3754346370697021
loss in epoch 184 iteration 0: 1.3665152788162231
loss in epoch 184 iteration 100: 1.3711607456207275
loss in epoch 184 iteration 200: 1.370042324066162
loss in epoch 184 iteration 300: 1.3718836307525635
loss in epoch 185 iteration 0: 1.3711590766906738
loss in epoch 185 iteration 100: 1.3768378496170044
loss in epoch 185 iteration 200: 1.37862229347229
loss in epoch 185 iteration 300: 1.3778774738311768
loss in epoch 186 iteration 0: 1.3760664463043213
loss in epoch 186 iteration 100: 1.3714147806167603
loss in epoch 186 iteration 200: 1.3709397315979004
loss in epoch 186 iteration 300: 1.3626353740692139
loss in epoch 187 iteration 0: 1.3808749914169312
loss in epoch 187 iteration 100: 1.3716967105865479
loss in epoch 187 iteration 200: 1.3800029754638672
loss in epoch 187 iteration 300: 1.3876237869262695
loss in epoch 188 iteration 0: 1.38053560256958
loss in epoch 188 iteration 100: 1.3702950477600098
loss in epoch 188 iteration 200: 1.3695093393325806
loss in epoch 188 iteration 300: 1.3622840642929077
loss in epoch 189 iteration 0: 1.3650915622711182
loss in epoch 189 iteration 100: 1.3728692531585693
loss in epoch 189 iteration 200: 1.3643099069595337
loss in epoch 189 iteration 300: 1.3705140352249146
loss in epoch 190 iteration 0: 1.3713300228118896
loss in epoch 190 iteration 100: 1.374429702758789
loss in epoch 190 iteration 200: 1.3735640048980713
loss in epoch 190 iteration 300: 1.3701330423355103
loss in epoch 191 iteration 0: 1.3800660371780396
loss in epoch 191 iteration 100: 1.3782403469085693
loss in epoch 191 iteration 200: 1.3677833080291748
loss in epoch 191 iteration 300: 1.3793401718139648
loss in epoch 192 iteration 0: 1.3731653690338135
loss in epoch 192 iteration 100: 1.3777559995651245
loss in epoch 192 iteration 200: 1.3636701107025146
loss in epoch 192 iteration 300: 1.3726270198822021
loss in epoch 193 iteration 0: 1.3770993947982788
loss in epoch 193 iteration 100: 1.369663953781128
loss in epoch 193 iteration 200: 1.382887363433838
loss in epoch 193 iteration 300: 1.3725011348724365
loss in epoch 194 iteration 0: 1.3738410472869873
loss in epoch 194 iteration 100: 1.3727772235870361
loss in epoch 194 iteration 200: 1.3772063255310059
loss in epoch 194 iteration 300: 1.4157766103744507
loss in epoch 195 iteration 0: 1.3761041164398193
loss in epoch 195 iteration 100: 1.3622252941131592
loss in epoch 195 iteration 200: 1.3679265975952148
loss in epoch 195 iteration 300: 1.372990369796753
loss in epoch 196 iteration 0: 1.3782720565795898
loss in epoch 196 iteration 100: 1.3587243556976318
loss in epoch 196 iteration 200: 1.3761513233184814
loss in epoch 196 iteration 300: 1.3816078901290894
loss in epoch 197 iteration 0: 1.3719918727874756
loss in epoch 197 iteration 100: 1.3591400384902954
loss in epoch 197 iteration 200: 1.3812947273254395
loss in epoch 197 iteration 300: 1.373936653137207
loss in epoch 198 iteration 0: 1.3739583492279053
loss in epoch 198 iteration 100: 1.3735312223434448
loss in epoch 198 iteration 200: 1.3707671165466309
loss in epoch 198 iteration 300: 1.3697086572647095
loss in epoch 199 iteration 0: 1.3701632022857666
loss in epoch 199 iteration 100: 1.3819091320037842
loss in epoch 199 iteration 200: 1.375817894935608
loss in epoch 199 iteration 300: 1.3824918270111084
loss in epoch 200 iteration 0: 1.3792427778244019
loss in epoch 200 iteration 100: 1.3646255731582642
loss in epoch 200 iteration 200: 1.3650197982788086
loss in epoch 200 iteration 300: 1.3815829753875732
Evaluating........................................................................................................................................................................................................

epoch:200, time: 1231.097430(s), valid (NDCG@10: 0.0657, HR@10: 0.1222), test (NDCG@10: 0.0268, HR@10: 0.0268)
(0.06566517691312306, 0.1222) (0.0268, 0.0268)

Done
Time: 1954.3677093982697
